# JRE version: OpenJDK Runtime Environment (11.0.13+8) (build 11.0.13+8)
# Java VM: OpenJDK 64-Bit Server VM (11.0.13+8, mixed mode, tiered, compressed oops, g1 gc, linux-amd64)
Heap:
 garbage-first heap   total 366592K, used 259025K [0x0000000708200000, 0x0000000800000000)
  region size 1024K, 66 young (67584K), 1 survivors (1024K)
 Metaspace       used 96584K, capacity 101534K, committed 101840K, reserved 1138688K
  class space    used 10002K, capacity 11770K, committed 11824K, reserved 1048576K
GC Heap History (20 events):
Event: 13,259 GC heap before
{Heap before GC invocations=13 (full 0):
 garbage-first heap   total 366592K, used 266013K [0x0000000708200000, 0x0000000800000000)
  region size 1024K, 126 young (129024K), 16 survivors (16384K)
 Metaspace       used 91261K, capacity 95950K, committed 96464K, reserved 1134592K
  class space    used 9793K, capacity 11420K, committed 11568K, reserved 1048576K
}
Event: 13,295 GC heap after
{Heap after GC invocations=14 (full 0):
 garbage-first heap   total 366592K, used 162911K [0x0000000708200000, 0x0000000800000000)
  region size 1024K, 7 young (7168K), 7 survivors (7168K)
 Metaspace       used 91261K, capacity 95950K, committed 96464K, reserved 1134592K
  class space    used 9793K, capacity 11420K, committed 11568K, reserved 1048576K
}
Event: 21,946 GC heap before
{Heap before GC invocations=14 (full 0):
 garbage-first heap   total 366592K, used 280671K [0x0000000708200000, 0x0000000800000000)
  region size 1024K, 115 young (117760K), 7 survivors (7168K)
 Metaspace       used 92752K, capacity 97543K, committed 98000K, reserved 1136640K
  class space    used 9839K, capacity 11541K, committed 11568K, reserved 1048576K
}
Event: 21,974 GC heap after
{Heap after GC invocations=15 (full 0):
 garbage-first heap   total 366592K, used 192887K [0x0000000708200000, 0x0000000800000000)
  region size 1024K, 15 young (15360K), 15 survivors (15360K)
 Metaspace       used 92752K, capacity 97543K, committed 98000K, reserved 1136640K
  class space    used 9839K, capacity 11541K, committed 11568K, reserved 1048576K
}
Event: 22,413 GC heap before
{Heap before GC invocations=15 (full 0):
 garbage-first heap   total 366592K, used 280951K [0x0000000708200000, 0x0000000800000000)
  region size 1024K, 101 young (103424K), 15 survivors (15360K)
 Metaspace       used 92860K, capacity 97735K, committed 98000K, reserved 1136640K
  class space    used 9843K, capacity 11541K, committed 11568K, reserved 1048576K
}
Event: 22,425 GC heap after
{Heap after GC invocations=16 (full 0):
 garbage-first heap   total 366592K, used 197310K [0x0000000708200000, 0x0000000800000000)
  region size 1024K, 4 young (4096K), 4 survivors (4096K)
 Metaspace       used 92860K, capacity 97735K, committed 98000K, reserved 1136640K
  class space    used 9843K, capacity 11541K, committed 11568K, reserved 1048576K
}
Event: 24,463 GC heap before
{Heap before GC invocations=17 (full 0):
 garbage-first heap   total 366592K, used 280254K [0x0000000708200000, 0x0000000800000000)
  region size 1024K, 91 young (93184K), 4 survivors (4096K)
 Metaspace       used 94196K, capacity 99086K, committed 99152K, reserved 1136640K
  class space    used 9931K, capacity 11663K, committed 11696K, reserved 1048576K
}
Event: 24,493 GC heap after
{Heap after GC invocations=18 (full 0):
 garbage-first heap   total 366592K, used 205352K [0x0000000708200000, 0x0000000800000000)
  region size 1024K, 12 young (12288K), 12 survivors (12288K)
 Metaspace       used 94196K, capacity 99086K, committed 99152K, reserved 1136640K
  class space    used 9931K, capacity 11663K, committed 11696K, reserved 1048576K
}
Event: 25,329 GC heap before
{Heap before GC invocations=18 (full 0):
 garbage-first heap   total 366592K, used 210472K [0x0000000708200000, 0x0000000800000000)
  region size 1024K, 17 young (17408K), 12 survivors (12288K)
 Metaspace       used 94399K, capacity 99309K, committed 99408K, reserved 1136640K
  class space    used 9935K, capacity 11668K, committed 11696K, reserved 1048576K
}
Event: 25,339 GC heap after
{Heap after GC invocations=19 (full 0):
 garbage-first heap   total 366592K, used 199848K [0x0000000708200000, 0x0000000800000000)
  region size 1024K, 2 young (2048K), 2 survivors (2048K)
 Metaspace       used 94399K, capacity 99309K, committed 99408K, reserved 1136640K
  class space    used 9935K, capacity 11668K, committed 11696K, reserved 1048576K
}
Event: 28,590 GC heap before
{Heap before GC invocations=19 (full 0):
 garbage-first heap   total 366592K, used 227496K [0x0000000708200000, 0x0000000800000000)
  region size 1024K, 30 young (30720K), 2 survivors (2048K)
 Metaspace       used 95428K, capacity 100430K, committed 100560K, reserved 1138688K
  class space    used 9991K, capacity 11763K, committed 11824K, reserved 1048576K
}
Event: 28,613 GC heap after
{Heap after GC invocations=20 (full 0):
 garbage-first heap   total 366592K, used 202005K [0x0000000708200000, 0x0000000800000000)
  region size 1024K, 4 young (4096K), 4 survivors (4096K)
 Metaspace       used 95428K, capacity 100430K, committed 100560K, reserved 1138688K
  class space    used 9991K, capacity 11763K, committed 11824K, reserved 1048576K
}
Event: 38,503 GC heap before
{Heap before GC invocations=21 (full 0):
 garbage-first heap   total 366592K, used 285973K [0x0000000708200000, 0x0000000800000000)
  region size 1024K, 87 young (89088K), 4 survivors (4096K)
 Metaspace       used 96237K, capacity 101206K, committed 101328K, reserved 1138688K
  class space    used 9996K, capacity 11768K, committed 11824K, reserved 1048576K
}
Event: 38,519 GC heap after
{Heap after GC invocations=22 (full 0):
 garbage-first heap   total 366592K, used 200977K [0x0000000708200000, 0x0000000800000000)
  region size 1024K, 4 young (4096K), 4 survivors (4096K)
 Metaspace       used 96237K, capacity 101206K, committed 101328K, reserved 1138688K
  class space    used 9996K, capacity 11768K, committed 11824K, reserved 1048576K
}
Event: 40,205 GC heap before
{Heap before GC invocations=22 (full 0):
 garbage-first heap   total 366592K, used 213265K [0x0000000708200000, 0x0000000800000000)
  region size 1024K, 17 young (17408K), 4 survivors (4096K)
 Metaspace       used 96302K, capacity 101270K, committed 101584K, reserved 1138688K
  class space    used 9997K, capacity 11768K, committed 11824K, reserved 1048576K
}
Event: 40,223 GC heap after
{Heap after GC invocations=23 (full 0):
 garbage-first heap   total 366592K, used 193310K [0x0000000708200000, 0x0000000800000000)
  region size 1024K, 1 young (1024K), 1 survivors (1024K)
 Metaspace       used 96302K, capacity 101270K, committed 101584K, reserved 1138688K
  class space    used 9997K, capacity 11768K, committed 11824K, reserved 1048576K
}
Event: 51,362 GC heap before
{Heap before GC invocations=23 (full 0):
 garbage-first heap   total 366592K, used 287518K [0x0000000708200000, 0x0000000800000000)
  region size 1024K, 93 young (95232K), 1 survivors (1024K)
 Metaspace       used 96443K, capacity 101400K, committed 101584K, reserved 1138688K
  class space    used 9998K, capacity 11768K, committed 11824K, reserved 1048576K
}
Event: 51,369 GC heap after
{Heap after GC invocations=24 (full 0):
 garbage-first heap   total 366592K, used 193504K [0x0000000708200000, 0x0000000800000000)
  region size 1024K, 1 young (1024K), 1 survivors (1024K)
 Metaspace       used 96443K, capacity 101400K, committed 101584K, reserved 1138688K
  class space    used 9998K, capacity 11768K, committed 11824K, reserved 1048576K
}
Event: 62,874 GC heap before
{Heap before GC invocations=25 (full 0):
 garbage-first heap   total 366592K, used 291808K [0x0000000708200000, 0x0000000800000000)
  region size 1024K, 97 young (99328K), 1 survivors (1024K)
 Metaspace       used 96550K, capacity 101528K, committed 101840K, reserved 1138688K
  class space    used 10000K, capacity 11768K, committed 11824K, reserved 1048576K
}
Event: 62,878 GC heap after
{Heap after GC invocations=26 (full 0):
 garbage-first heap   total 366592K, used 193489K [0x0000000708200000, 0x0000000800000000)
  region size 1024K, 1 young (1024K), 1 survivors (1024K)
 Metaspace       used 96550K, capacity 101528K, committed 101840K, reserved 1138688K
  class space    used 10000K, capacity 11768K, committed 11824K, reserved 1048576K
}

