# JRE version: OpenJDK Runtime Environment (11.0.13+8) (build 11.0.13+8)
# Java VM: OpenJDK 64-Bit Server VM (11.0.13+8, mixed mode, tiered, compressed oops, g1 gc, linux-amd64)
Heap:
 garbage-first heap   total 366592K, used 283817K [0x0000000708200000, 0x0000000800000000)
  region size 1024K, 136 young (139264K), 8 survivors (8192K)
 Metaspace       used 98084K, capacity 103287K, committed 103504K, reserved 1140736K
  class space    used 10065K, capacity 11837K, committed 11952K, reserved 1048576K
GC Heap History (20 events):
Event: 279,128 GC heap before
{Heap before GC invocations=50 (full 0):
 garbage-first heap   total 366592K, used 316681K [0x0000000708200000, 0x0000000800000000)
  region size 1024K, 121 young (123904K), 1 survivors (1024K)
 Metaspace       used 97652K, capacity 102761K, committed 102992K, reserved 1140736K
  class space    used 10054K, capacity 11831K, committed 11952K, reserved 1048576K
}
Event: 279,132 GC heap after
{Heap after GC invocations=51 (full 0):
 garbage-first heap   total 366592K, used 193834K [0x0000000708200000, 0x0000000800000000)
  region size 1024K, 1 young (1024K), 1 survivors (1024K)
 Metaspace       used 97652K, capacity 102761K, committed 102992K, reserved 1140736K
  class space    used 10054K, capacity 11831K, committed 11952K, reserved 1048576K
}
Event: 294,041 GC heap before
{Heap before GC invocations=52 (full 0):
 garbage-first heap   total 366592K, used 317738K [0x0000000708200000, 0x0000000800000000)
  region size 1024K, 122 young (124928K), 1 survivors (1024K)
 Metaspace       used 97653K, capacity 102761K, committed 102992K, reserved 1140736K
  class space    used 10054K, capacity 11831K, committed 11952K, reserved 1048576K
}
Event: 294,046 GC heap after
{Heap after GC invocations=53 (full 0):
 garbage-first heap   total 366592K, used 193835K [0x0000000708200000, 0x0000000800000000)
  region size 1024K, 1 young (1024K), 1 survivors (1024K)
 Metaspace       used 97653K, capacity 102761K, committed 102992K, reserved 1140736K
  class space    used 10054K, capacity 11831K, committed 11952K, reserved 1048576K
}
Event: 295,998 GC heap before
{Heap before GC invocations=53 (full 0):
 garbage-first heap   total 366592K, used 210219K [0x0000000708200000, 0x0000000800000000)
  region size 1024K, 17 young (17408K), 1 survivors (1024K)
 Metaspace       used 97653K, capacity 102761K, committed 102992K, reserved 1140736K
  class space    used 10054K, capacity 11831K, committed 11952K, reserved 1048576K
}
Event: 296,003 GC heap after
{Heap after GC invocations=54 (full 0):
 garbage-first heap   total 366592K, used 193873K [0x0000000708200000, 0x0000000800000000)
  region size 1024K, 1 young (1024K), 1 survivors (1024K)
 Metaspace       used 97653K, capacity 102761K, committed 102992K, reserved 1140736K
  class space    used 10054K, capacity 11831K, committed 11952K, reserved 1048576K
}
Event: 310,962 GC heap before
{Heap before GC invocations=54 (full 0):
 garbage-first heap   total 366592K, used 318801K [0x0000000708200000, 0x0000000800000000)
  region size 1024K, 123 young (125952K), 1 survivors (1024K)
 Metaspace       used 97688K, capacity 102765K, committed 102992K, reserved 1140736K
  class space    used 10058K, capacity 11832K, committed 11952K, reserved 1048576K
}
Event: 310,966 GC heap after
{Heap after GC invocations=55 (full 0):
 garbage-first heap   total 366592K, used 193935K [0x0000000708200000, 0x0000000800000000)
  region size 1024K, 1 young (1024K), 1 survivors (1024K)
 Metaspace       used 97688K, capacity 102765K, committed 102992K, reserved 1140736K
  class space    used 10058K, capacity 11832K, committed 11952K, reserved 1048576K
}
Event: 326,436 GC heap before
{Heap before GC invocations=55 (full 0):
 garbage-first heap   total 366592K, used 318863K [0x0000000708200000, 0x0000000800000000)
  region size 1024K, 123 young (125952K), 1 survivors (1024K)
 Metaspace       used 97696K, capacity 102766K, committed 102992K, reserved 1140736K
  class space    used 10058K, capacity 11832K, committed 11952K, reserved 1048576K
}
Event: 326,440 GC heap after
{Heap after GC invocations=56 (full 0):
 garbage-first heap   total 366592K, used 193945K [0x0000000708200000, 0x0000000800000000)
  region size 1024K, 1 young (1024K), 1 survivors (1024K)
 Metaspace       used 97696K, capacity 102766K, committed 102992K, reserved 1140736K
  class space    used 10058K, capacity 11832K, committed 11952K, reserved 1048576K
}
Event: 341,786 GC heap before
{Heap before GC invocations=56 (full 0):
 garbage-first heap   total 366592K, used 318873K [0x0000000708200000, 0x0000000800000000)
  region size 1024K, 124 young (126976K), 1 survivors (1024K)
 Metaspace       used 97882K, capacity 103142K, committed 103504K, reserved 1140736K
  class space    used 10058K, capacity 11832K, committed 11952K, reserved 1048576K
}
Event: 341,790 GC heap after
{Heap after GC invocations=57 (full 0):
 garbage-first heap   total 366592K, used 193961K [0x0000000708200000, 0x0000000800000000)
  region size 1024K, 1 young (1024K), 1 survivors (1024K)
 Metaspace       used 97882K, capacity 103142K, committed 103504K, reserved 1140736K
  class space    used 10058K, capacity 11832K, committed 11952K, reserved 1048576K
}
Event: 357,191 GC heap before
{Heap before GC invocations=58 (full 0):
 garbage-first heap   total 366592K, used 320937K [0x0000000708200000, 0x0000000800000000)
  region size 1024K, 125 young (128000K), 1 survivors (1024K)
 Metaspace       used 97882K, capacity 103142K, committed 103504K, reserved 1140736K
  class space    used 10058K, capacity 11832K, committed 11952K, reserved 1048576K
}
Event: 357,203 GC heap after
{Heap after GC invocations=59 (full 0):
 garbage-first heap   total 366592K, used 193990K [0x0000000708200000, 0x0000000800000000)
  region size 1024K, 1 young (1024K), 1 survivors (1024K)
 Metaspace       used 97882K, capacity 103142K, committed 103504K, reserved 1140736K
  class space    used 10058K, capacity 11832K, committed 11952K, reserved 1048576K
}
Event: 372,876 GC heap before
{Heap before GC invocations=59 (full 0):
 garbage-first heap   total 366592K, used 320966K [0x0000000708200000, 0x0000000800000000)
  region size 1024K, 125 young (128000K), 1 survivors (1024K)
 Metaspace       used 97910K, capacity 103145K, committed 103504K, reserved 1140736K
  class space    used 10061K, capacity 11833K, committed 11952K, reserved 1048576K
}
Event: 372,881 GC heap after
{Heap after GC invocations=60 (full 0):
 garbage-first heap   total 366592K, used 194025K [0x0000000708200000, 0x0000000800000000)
  region size 1024K, 1 young (1024K), 1 survivors (1024K)
 Metaspace       used 97910K, capacity 103145K, committed 103504K, reserved 1140736K
  class space    used 10061K, capacity 11833K, committed 11952K, reserved 1048576K
}
Event: 382,261 GC heap before
{Heap before GC invocations=61 (full 0):
 garbage-first heap   total 366592K, used 272873K [0x0000000708200000, 0x0000000800000000)
  region size 1024K, 79 young (80896K), 1 survivors (1024K)
 Metaspace       used 97918K, capacity 103146K, committed 103504K, reserved 1140736K
  class space    used 10061K, capacity 11833K, committed 11952K, reserved 1048576K
}
Event: 382,333 GC heap after
{Heap after GC invocations=62 (full 1):
 garbage-first heap   total 366592K, used 144306K [0x0000000708200000, 0x0000000800000000)
  region size 1024K, 0 young (0K), 0 survivors (0K)
 Metaspace       used 97918K, capacity 103146K, committed 103504K, reserved 1140736K
  class space    used 10061K, capacity 11833K, committed 11952K, reserved 1048576K
}
Event: 545,674 GC heap before
{Heap before GC invocations=62 (full 1):
 garbage-first heap   total 366592K, used 294834K [0x0000000708200000, 0x0000000800000000)
  region size 1024K, 145 young (148480K), 0 survivors (0K)
 Metaspace       used 97948K, capacity 103159K, committed 103504K, reserved 1140736K
  class space    used 10064K, capacity 11837K, committed 11952K, reserved 1048576K
}
Event: 545,678 GC heap after
{Heap after GC invocations=63 (full 1):
 garbage-first heap   total 366592K, used 153769K [0x0000000708200000, 0x0000000800000000)
  region size 1024K, 8 young (8192K), 8 survivors (8192K)
 Metaspace       used 97948K, capacity 103159K, committed 103504K, reserved 1140736K
  class space    used 10064K, capacity 11837K, committed 11952K, reserved 1048576K
}

