# JRE version: OpenJDK Runtime Environment (11.0.13+8) (build 11.0.13+8)
# Java VM: OpenJDK 64-Bit Server VM (11.0.13+8, mixed mode, tiered, compressed oops, g1 gc, linux-amd64)
Heap:
 garbage-first heap   total 366592K, used 217174K [0x0000000708200000, 0x0000000800000000)
  region size 1024K, 19 young (19456K), 1 survivors (1024K)
 Metaspace       used 96195K, capacity 101132K, committed 101404K, reserved 1138688K
  class space    used 9991K, capacity 11765K, committed 11900K, reserved 1048576K
GC Heap History (20 events):
Event: 12,431 GC heap before
{Heap before GC invocations=14 (full 0):
 garbage-first heap   total 366592K, used 257263K [0x0000000708200000, 0x0000000800000000)
  region size 1024K, 120 young (122880K), 18 survivors (18432K)
 Metaspace       used 91093K, capacity 95695K, committed 96156K, reserved 1134592K
  class space    used 9790K, capacity 11420K, committed 11516K, reserved 1048576K
}
Event: 12,445 GC heap after
{Heap after GC invocations=15 (full 0):
 garbage-first heap   total 366592K, used 165302K [0x0000000708200000, 0x0000000800000000)
  region size 1024K, 12 young (12288K), 12 survivors (12288K)
 Metaspace       used 91093K, capacity 95695K, committed 96156K, reserved 1134592K
  class space    used 9790K, capacity 11420K, committed 11516K, reserved 1048576K
}
Event: 17,332 GC heap before
{Heap before GC invocations=15 (full 0):
 garbage-first heap   total 366592K, used 269750K [0x0000000708200000, 0x0000000800000000)
  region size 1024K, 111 young (113664K), 12 survivors (12288K)
 Metaspace       used 91684K, capacity 96484K, committed 96924K, reserved 1134592K
  class space    used 9808K, capacity 11464K, committed 11516K, reserved 1048576K
}
Event: 17,341 GC heap after
{Heap after GC invocations=16 (full 0):
 garbage-first heap   total 366592K, used 172542K [0x0000000708200000, 0x0000000800000000)
  region size 1024K, 10 young (10240K), 10 survivors (10240K)
 Metaspace       used 91684K, capacity 96484K, committed 96924K, reserved 1134592K
  class space    used 9808K, capacity 11464K, committed 11516K, reserved 1048576K
}
Event: 20,614 GC heap before
{Heap before GC invocations=16 (full 0):
 garbage-first heap   total 366592K, used 272894K [0x0000000708200000, 0x0000000800000000)
  region size 1024K, 108 young (110592K), 10 survivors (10240K)
 Metaspace       used 91821K, capacity 96550K, committed 96924K, reserved 1134592K
  class space    used 9808K, capacity 11464K, committed 11516K, reserved 1048576K
}
Event: 20,618 GC heap after
{Heap after GC invocations=17 (full 0):
 garbage-first heap   total 366592K, used 172852K [0x0000000708200000, 0x0000000800000000)
  region size 1024K, 1 young (1024K), 1 survivors (1024K)
 Metaspace       used 91821K, capacity 96550K, committed 96924K, reserved 1134592K
  class space    used 9808K, capacity 11464K, committed 11516K, reserved 1048576K
}
Event: 21,573 GC heap before
{Heap before GC invocations=17 (full 0):
 garbage-first heap   total 366592K, used 175924K [0x0000000708200000, 0x0000000800000000)
  region size 1024K, 5 young (5120K), 1 survivors (1024K)
 Metaspace       used 92118K, capacity 96837K, committed 97180K, reserved 1134592K
  class space    used 9811K, capacity 11465K, committed 11516K, reserved 1048576K
}
Event: 21,589 GC heap after
{Heap after GC invocations=18 (full 0):
 garbage-first heap   total 366592K, used 173132K [0x0000000708200000, 0x0000000800000000)
  region size 1024K, 1 young (1024K), 1 survivors (1024K)
 Metaspace       used 92118K, capacity 96837K, committed 97180K, reserved 1134592K
  class space    used 9811K, capacity 11465K, committed 11516K, reserved 1048576K
}
Event: 22,135 GC heap before
{Heap before GC invocations=19 (full 0):
 garbage-first heap   total 366592K, used 277580K [0x0000000708200000, 0x0000000800000000)
  region size 1024K, 109 young (111616K), 1 survivors (1024K)
 Metaspace       used 92697K, capacity 97411K, committed 97820K, reserved 1136640K
  class space    used 9837K, capacity 11541K, committed 11644K, reserved 1048576K
}
Event: 22,149 GC heap after
{Heap after GC invocations=20 (full 0):
 garbage-first heap   total 366592K, used 184000K [0x0000000708200000, 0x0000000800000000)
  region size 1024K, 14 young (14336K), 14 survivors (14336K)
 Metaspace       used 92697K, capacity 97411K, committed 97820K, reserved 1136640K
  class space    used 9837K, capacity 11541K, committed 11644K, reserved 1048576K
}
Event: 22,155 GC heap before
{Heap before GC invocations=20 (full 0):
 garbage-first heap   total 366592K, used 187072K [0x0000000708200000, 0x0000000800000000)
  region size 1024K, 17 young (17408K), 14 survivors (14336K)
 Metaspace       used 92697K, capacity 97411K, committed 97820K, reserved 1136640K
  class space    used 9837K, capacity 11541K, committed 11644K, reserved 1048576K
}
Event: 22,164 GC heap after
{Heap after GC invocations=21 (full 0):
 garbage-first heap   total 366592K, used 181974K [0x0000000708200000, 0x0000000800000000)
  region size 1024K, 1 young (1024K), 1 survivors (1024K)
 Metaspace       used 92697K, capacity 97411K, committed 97820K, reserved 1136640K
  class space    used 9837K, capacity 11541K, committed 11644K, reserved 1048576K
}
Event: 22,663 GC heap before
{Heap before GC invocations=21 (full 0):
 garbage-first heap   total 366592K, used 276182K [0x0000000708200000, 0x0000000800000000)
  region size 1024K, 94 young (96256K), 1 survivors (1024K)
 Metaspace       used 92932K, capacity 97769K, committed 98076K, reserved 1136640K
  class space    used 9850K, capacity 11575K, committed 11644K, reserved 1048576K
}
Event: 22,677 GC heap after
{Heap after GC invocations=22 (full 0):
 garbage-first heap   total 366592K, used 182038K [0x0000000708200000, 0x0000000800000000)
  region size 1024K, 2 young (2048K), 2 survivors (2048K)
 Metaspace       used 92932K, capacity 97769K, committed 98076K, reserved 1136640K
  class space    used 9850K, capacity 11575K, committed 11644K, reserved 1048576K
}
Event: 32,458 GC heap before
{Heap before GC invocations=23 (full 0):
 garbage-first heap   total 366592K, used 291606K [0x0000000708200000, 0x0000000800000000)
  region size 1024K, 107 young (109568K), 2 survivors (2048K)
 Metaspace       used 95627K, capacity 100522K, committed 100892K, reserved 1138688K
  class space    used 9986K, capacity 11764K, committed 11900K, reserved 1048576K
}
Event: 32,472 GC heap after
{Heap after GC invocations=24 (full 0):
 garbage-first heap   total 366592K, used 200832K [0x0000000708200000, 0x0000000800000000)
  region size 1024K, 14 young (14336K), 14 survivors (14336K)
 Metaspace       used 95627K, capacity 100522K, committed 100892K, reserved 1138688K
  class space    used 9986K, capacity 11764K, committed 11900K, reserved 1048576K
}
Event: 32,884 GC heap before
{Heap before GC invocations=24 (full 0):
 garbage-first heap   total 366592K, used 203904K [0x0000000708200000, 0x0000000800000000)
  region size 1024K, 17 young (17408K), 14 survivors (14336K)
 Metaspace       used 95631K, capacity 100522K, committed 100892K, reserved 1138688K
  class space    used 9986K, capacity 11764K, committed 11900K, reserved 1048576K
}
Event: 32,906 GC heap after
{Heap after GC invocations=25 (full 0):
 garbage-first heap   total 366592K, used 201349K [0x0000000708200000, 0x0000000800000000)
  region size 1024K, 1 young (1024K), 1 survivors (1024K)
 Metaspace       used 95631K, capacity 100522K, committed 100892K, reserved 1138688K
  class space    used 9986K, capacity 11764K, committed 11900K, reserved 1048576K
}
Event: 45,119 GC heap before
{Heap before GC invocations=25 (full 0):
 garbage-first heap   total 366592K, used 294533K [0x0000000708200000, 0x0000000800000000)
  region size 1024K, 93 young (95232K), 1 survivors (1024K)
 Metaspace       used 96169K, capacity 101132K, committed 101404K, reserved 1138688K
  class space    used 9989K, capacity 11765K, committed 11900K, reserved 1048576K
}
Event: 45,146 GC heap after
{Heap after GC invocations=26 (full 0):
 garbage-first heap   total 366592K, used 200790K [0x0000000708200000, 0x0000000800000000)
  region size 1024K, 1 young (1024K), 1 survivors (1024K)
 Metaspace       used 96169K, capacity 101132K, committed 101404K, reserved 1138688K
  class space    used 9989K, capacity 11765K, committed 11900K, reserved 1048576K
}

