# JRE version: OpenJDK Runtime Environment (11.0.13+8) (build 11.0.13+8)
# Java VM: OpenJDK 64-Bit Server VM (11.0.13+8, mixed mode, tiered, compressed oops, g1 gc, linux-amd64)
Heap:
 garbage-first heap   total 366592K, used 231997K [0x0000000708200000, 0x0000000800000000)
  region size 1024K, 28 young (28672K), 1 survivors (1024K)
 Metaspace       used 98246K, capacity 103236K, committed 103528K, reserved 1140736K
  class space    used 10085K, capacity 11843K, committed 11952K, reserved 1048576K
GC Heap History (20 events):
Event: 236,395 GC heap before
{Heap before GC invocations=36 (full 0):
 garbage-first heap   total 366592K, used 305539K [0x0000000708200000, 0x0000000800000000)
  region size 1024K, 110 young (112640K), 2 survivors (2048K)
 Metaspace       used 97949K, capacity 102944K, committed 103144K, reserved 1140736K
  class space    used 10080K, capacity 11812K, committed 11824K, reserved 1048576K
}
Event: 236,398 GC heap after
{Heap after GC invocations=37 (full 0):
 garbage-first heap   total 366592K, used 194936K [0x0000000708200000, 0x0000000800000000)
  region size 1024K, 2 young (2048K), 2 survivors (2048K)
 Metaspace       used 97949K, capacity 102944K, committed 103144K, reserved 1140736K
  class space    used 10080K, capacity 11812K, committed 11824K, reserved 1048576K
}
Event: 248,648 GC heap before
{Heap before GC invocations=38 (full 0):
 garbage-first heap   total 366592K, used 280952K [0x0000000708200000, 0x0000000800000000)
  region size 1024K, 88 young (90112K), 2 survivors (2048K)
 Metaspace       used 97998K, capacity 103008K, committed 103144K, reserved 1140736K
  class space    used 10080K, capacity 11812K, committed 11824K, reserved 1048576K
}
Event: 248,655 GC heap after
{Heap after GC invocations=39 (full 0):
 garbage-first heap   total 366592K, used 195017K [0x0000000708200000, 0x0000000800000000)
  region size 1024K, 2 young (2048K), 2 survivors (2048K)
 Metaspace       used 97998K, capacity 103008K, committed 103144K, reserved 1140736K
  class space    used 10080K, capacity 11812K, committed 11824K, reserved 1048576K
}
Event: 250,090 GC heap before
{Heap before GC invocations=40 (full 0):
 garbage-first heap   total 366592K, used 216521K [0x0000000708200000, 0x0000000800000000)
  region size 1024K, 18 young (18432K), 2 survivors (2048K)
 Metaspace       used 98027K, capacity 103072K, committed 103144K, reserved 1140736K
  class space    used 10080K, capacity 11812K, committed 11824K, reserved 1048576K
}
Event: 250,096 GC heap after
{Heap after GC invocations=41 (full 0):
 garbage-first heap   total 366592K, used 202145K [0x0000000708200000, 0x0000000800000000)
  region size 1024K, 2 young (2048K), 2 survivors (2048K)
 Metaspace       used 98027K, capacity 103072K, committed 103144K, reserved 1140736K
  class space    used 10080K, capacity 11812K, committed 11824K, reserved 1048576K
}
Event: 266,168 GC heap before
{Heap before GC invocations=42 (full 0):
 garbage-first heap   total 366592K, used 317857K [0x0000000708200000, 0x0000000800000000)
  region size 1024K, 112 young (114688K), 2 survivors (2048K)
 Metaspace       used 98048K, capacity 103072K, committed 103144K, reserved 1140736K
  class space    used 10080K, capacity 11812K, committed 11824K, reserved 1048576K
}
Event: 266,175 GC heap after
{Heap after GC invocations=43 (full 0):
 garbage-first heap   total 366592K, used 202200K [0x0000000708200000, 0x0000000800000000)
  region size 1024K, 2 young (2048K), 2 survivors (2048K)
 Metaspace       used 98048K, capacity 103072K, committed 103144K, reserved 1140736K
  class space    used 10080K, capacity 11812K, committed 11824K, reserved 1048576K
}
Event: 282,894 GC heap before
{Heap before GC invocations=43 (full 0):
 garbage-first heap   total 366592K, used 315864K [0x0000000708200000, 0x0000000800000000)
  region size 1024K, 113 young (115712K), 2 survivors (2048K)
 Metaspace       used 98092K, capacity 103076K, committed 103144K, reserved 1140736K
  class space    used 10080K, capacity 11812K, committed 11824K, reserved 1048576K
}
Event: 282,898 GC heap after
{Heap after GC invocations=44 (full 0):
 garbage-first heap   total 366592K, used 195038K [0x0000000708200000, 0x0000000800000000)
  region size 1024K, 2 young (2048K), 2 survivors (2048K)
 Metaspace       used 98092K, capacity 103076K, committed 103144K, reserved 1140736K
  class space    used 10080K, capacity 11812K, committed 11824K, reserved 1048576K
}
Event: 300,469 GC heap before
{Heap before GC invocations=45 (full 0):
 garbage-first heap   total 366592K, used 315870K [0x0000000708200000, 0x0000000800000000)
  region size 1024K, 120 young (122880K), 2 survivors (2048K)
 Metaspace       used 98127K, capacity 103078K, committed 103144K, reserved 1140736K
  class space    used 10080K, capacity 11812K, committed 11824K, reserved 1048576K
}
Event: 300,477 GC heap after
{Heap after GC invocations=46 (full 0):
 garbage-first heap   total 366592K, used 195080K [0x0000000708200000, 0x0000000800000000)
  region size 1024K, 2 young (2048K), 2 survivors (2048K)
 Metaspace       used 98127K, capacity 103078K, committed 103144K, reserved 1140736K
  class space    used 10080K, capacity 11812K, committed 11824K, reserved 1048576K
}
Event: 318,774 GC heap before
{Heap before GC invocations=46 (full 0):
 garbage-first heap   total 366592K, used 317960K [0x0000000708200000, 0x0000000800000000)
  region size 1024K, 122 young (124928K), 2 survivors (2048K)
 Metaspace       used 98167K, capacity 103178K, committed 103528K, reserved 1140736K
  class space    used 10085K, capacity 11845K, committed 11952K, reserved 1048576K
}
Event: 318,779 GC heap after
{Heap after GC invocations=47 (full 0):
 garbage-first heap   total 366592K, used 195096K [0x0000000708200000, 0x0000000800000000)
  region size 1024K, 2 young (2048K), 2 survivors (2048K)
 Metaspace       used 98167K, capacity 103178K, committed 103528K, reserved 1140736K
  class space    used 10085K, capacity 11845K, committed 11952K, reserved 1048576K
}
Event: 335,930 GC heap before
{Heap before GC invocations=48 (full 0):
 garbage-first heap   total 366592K, used 317976K [0x0000000708200000, 0x0000000800000000)
  region size 1024K, 123 young (125952K), 2 survivors (2048K)
 Metaspace       used 98194K, capacity 103178K, committed 103528K, reserved 1140736K
  class space    used 10085K, capacity 11845K, committed 11952K, reserved 1048576K
}
Event: 335,935 GC heap after
{Heap after GC invocations=49 (full 0):
 garbage-first heap   total 366592K, used 195114K [0x0000000708200000, 0x0000000800000000)
  region size 1024K, 2 young (2048K), 2 survivors (2048K)
 Metaspace       used 98194K, capacity 103178K, committed 103528K, reserved 1140736K
  class space    used 10085K, capacity 11845K, committed 11952K, reserved 1048576K
}
Event: 336,875 GC heap before
{Heap before GC invocations=49 (full 0):
 garbage-first heap   total 366592K, used 202282K [0x0000000708200000, 0x0000000800000000)
  region size 1024K, 11 young (11264K), 2 survivors (2048K)
 Metaspace       used 98201K, capacity 103178K, committed 103528K, reserved 1140736K
  class space    used 10085K, capacity 11845K, committed 11952K, reserved 1048576K
}
Event: 336,880 GC heap after
{Heap after GC invocations=50 (full 0):
 garbage-first heap   total 366592K, used 195086K [0x0000000708200000, 0x0000000800000000)
  region size 1024K, 1 young (1024K), 1 survivors (1024K)
 Metaspace       used 98201K, capacity 103178K, committed 103528K, reserved 1140736K
  class space    used 10085K, capacity 11845K, committed 11952K, reserved 1048576K
}
Event: 340,453 GC heap before
{Heap before GC invocations=51 (full 0):
 garbage-first heap   total 366592K, used 233998K [0x0000000708200000, 0x0000000800000000)
  region size 1024K, 34 young (34816K), 1 survivors (1024K)
 Metaspace       used 98243K, capacity 103242K, committed 103528K, reserved 1140736K
  class space    used 10085K, capacity 11845K, committed 11952K, reserved 1048576K
}
Event: 340,459 GC heap after
{Heap after GC invocations=52 (full 0):
 garbage-first heap   total 366592K, used 202301K [0x0000000708200000, 0x0000000800000000)
  region size 1024K, 1 young (1024K), 1 survivors (1024K)
 Metaspace       used 98243K, capacity 103242K, committed 103528K, reserved 1140736K
  class space    used 10085K, capacity 11845K, committed 11952K, reserved 1048576K
}

