# JRE version: OpenJDK Runtime Environment (11.0.13+8) (build 11.0.13+8)
# Java VM: OpenJDK 64-Bit Server VM (11.0.13+8, mixed mode, tiered, compressed oops, g1 gc, linux-amd64)
Heap:
 garbage-first heap   total 366592K, used 205631K [0x0000000708200000, 0x0000000800000000)
  region size 1024K, 6 young (6144K), 1 survivors (1024K)
 Metaspace       used 96479K, capacity 101467K, committed 101756K, reserved 1138688K
  class space    used 10007K, capacity 11773K, committed 11900K, reserved 1048576K
GC Heap History (20 events):
Event: 14,008 GC heap before
{Heap before GC invocations=15 (full 0):
 garbage-first heap   total 366592K, used 253914K [0x0000000708200000, 0x0000000800000000)
  region size 1024K, 120 young (122880K), 17 survivors (17408K)
 Metaspace       used 90962K, capacity 95701K, committed 96252K, reserved 1134592K
  class space    used 9786K, capacity 11425K, committed 11516K, reserved 1048576K
}
Event: 14,019 GC heap after
{Heap after GC invocations=16 (full 0):
 garbage-first heap   total 366592K, used 157640K [0x0000000708200000, 0x0000000800000000)
  region size 1024K, 11 young (11264K), 11 survivors (11264K)
 Metaspace       used 90962K, capacity 95701K, committed 96252K, reserved 1134592K
  class space    used 9786K, capacity 11425K, committed 11516K, reserved 1048576K
}
Event: 23,680 GC heap before
{Heap before GC invocations=16 (full 0):
 garbage-first heap   total 366592K, used 279496K [0x0000000708200000, 0x0000000800000000)
  region size 1024K, 113 young (115712K), 11 survivors (11264K)
 Metaspace       used 92092K, capacity 96834K, committed 97276K, reserved 1134592K
  class space    used 9820K, capacity 11433K, committed 11516K, reserved 1048576K
}
Event: 23,687 GC heap after
{Heap after GC invocations=17 (full 0):
 garbage-first heap   total 366592K, used 185579K [0x0000000708200000, 0x0000000800000000)
  region size 1024K, 10 young (10240K), 10 survivors (10240K)
 Metaspace       used 92092K, capacity 96834K, committed 97276K, reserved 1134592K
  class space    used 9820K, capacity 11433K, committed 11516K, reserved 1048576K
}
Event: 27,370 GC heap before
{Heap before GC invocations=17 (full 0):
 garbage-first heap   total 366592K, used 233707K [0x0000000708200000, 0x0000000800000000)
  region size 1024K, 58 young (59392K), 10 survivors (10240K)
 Metaspace       used 92433K, capacity 97125K, committed 97532K, reserved 1134592K
  class space    used 9824K, capacity 11435K, committed 11516K, reserved 1048576K
}
Event: 27,379 GC heap after
{Heap after GC invocations=18 (full 0):
 garbage-first heap   total 366592K, used 171309K [0x0000000708200000, 0x0000000800000000)
  region size 1024K, 2 young (2048K), 2 survivors (2048K)
 Metaspace       used 92433K, capacity 97125K, committed 97532K, reserved 1134592K
  class space    used 9824K, capacity 11435K, committed 11516K, reserved 1048576K
}
Event: 27,949 GC heap before
{Heap before GC invocations=19 (full 0):
 garbage-first heap   total 366592K, used 256301K [0x0000000708200000, 0x0000000800000000)
  region size 1024K, 90 young (92160K), 2 survivors (2048K)
 Metaspace       used 93041K, capacity 97732K, committed 98172K, reserved 1136640K
  class space    used 9851K, capacity 11544K, committed 11644K, reserved 1048576K
}
Event: 27,971 GC heap after
{Heap after GC invocations=20 (full 0):
 garbage-first heap   total 366592K, used 181212K [0x0000000708200000, 0x0000000800000000)
  region size 1024K, 12 young (12288K), 12 survivors (12288K)
 Metaspace       used 93041K, capacity 97732K, committed 98172K, reserved 1136640K
  class space    used 9851K, capacity 11544K, committed 11644K, reserved 1048576K
}
Event: 27,980 GC heap before
{Heap before GC invocations=20 (full 0):
 garbage-first heap   total 366592K, used 186332K [0x0000000708200000, 0x0000000800000000)
  region size 1024K, 17 young (17408K), 12 survivors (12288K)
 Metaspace       used 93041K, capacity 97732K, committed 98172K, reserved 1136640K
  class space    used 9851K, capacity 11544K, committed 11644K, reserved 1048576K
}
Event: 27,998 GC heap after
{Heap after GC invocations=21 (full 0):
 garbage-first heap   total 366592K, used 180002K [0x0000000708200000, 0x0000000800000000)
  region size 1024K, 2 young (2048K), 2 survivors (2048K)
 Metaspace       used 93041K, capacity 97732K, committed 98172K, reserved 1136640K
  class space    used 9851K, capacity 11544K, committed 11644K, reserved 1048576K
}
Event: 28,413 GC heap before
{Heap before GC invocations=21 (full 0):
 garbage-first heap   total 366592K, used 267042K [0x0000000708200000, 0x0000000800000000)
  region size 1024K, 87 young (89088K), 2 survivors (2048K)
 Metaspace       used 93127K, capacity 97860K, committed 98172K, reserved 1136640K
  class space    used 9855K, capacity 11544K, committed 11644K, reserved 1048576K
}
Event: 28,420 GC heap after
{Heap after GC invocations=22 (full 0):
 garbage-first heap   total 366592K, used 180639K [0x0000000708200000, 0x0000000800000000)
  region size 1024K, 3 young (3072K), 3 survivors (3072K)
 Metaspace       used 93127K, capacity 97860K, committed 98172K, reserved 1136640K
  class space    used 9855K, capacity 11544K, committed 11644K, reserved 1048576K
}
Event: 32,058 GC heap before
{Heap before GC invocations=23 (full 0):
 garbage-first heap   total 366592K, used 275871K [0x0000000708200000, 0x0000000800000000)
  region size 1024K, 94 young (96256K), 3 survivors (3072K)
 Metaspace       used 95327K, capacity 100228K, committed 100476K, reserved 1138688K
  class space    used 9991K, capacity 11765K, committed 11900K, reserved 1048576K
}
Event: 32,080 GC heap after
{Heap after GC invocations=24 (full 0):
 garbage-first heap   total 366592K, used 199889K [0x0000000708200000, 0x0000000800000000)
  region size 1024K, 12 young (12288K), 12 survivors (12288K)
 Metaspace       used 95327K, capacity 100228K, committed 100476K, reserved 1138688K
  class space    used 9991K, capacity 11765K, committed 11900K, reserved 1048576K
}
Event: 32,378 GC heap before
{Heap before GC invocations=24 (full 0):
 garbage-first heap   total 366592K, used 211153K [0x0000000708200000, 0x0000000800000000)
  region size 1024K, 17 young (17408K), 12 survivors (12288K)
 Metaspace       used 95339K, capacity 100229K, committed 100476K, reserved 1138688K
  class space    used 9991K, capacity 11765K, committed 11900K, reserved 1048576K
}
Event: 32,394 GC heap after
{Heap after GC invocations=25 (full 0):
 garbage-first heap   total 366592K, used 207578K [0x0000000708200000, 0x0000000800000000)
  region size 1024K, 1 young (1024K), 1 survivors (1024K)
 Metaspace       used 95339K, capacity 100229K, committed 100476K, reserved 1138688K
  class space    used 9991K, capacity 11765K, committed 11900K, reserved 1048576K
}
Event: 43,709 GC heap before
{Heap before GC invocations=25 (full 0):
 garbage-first heap   total 366592K, used 284378K [0x0000000708200000, 0x0000000800000000)
  region size 1024K, 76 young (77824K), 1 survivors (1024K)
 Metaspace       used 96106K, capacity 101069K, committed 101244K, reserved 1138688K
  class space    used 10006K, capacity 11773K, committed 11900K, reserved 1048576K
}
Event: 43,719 GC heap after
{Heap after GC invocations=26 (full 0):
 garbage-first heap   total 366592K, used 207263K [0x0000000708200000, 0x0000000800000000)
  region size 1024K, 1 young (1024K), 1 survivors (1024K)
 Metaspace       used 96106K, capacity 101069K, committed 101244K, reserved 1138688K
  class space    used 10006K, capacity 11773K, committed 11900K, reserved 1048576K
}
Event: 56,459 GC heap before
{Heap before GC invocations=27 (full 0):
 garbage-first heap   total 366592K, used 284063K [0x0000000708200000, 0x0000000800000000)
  region size 1024K, 82 young (83968K), 1 survivors (1024K)
 Metaspace       used 96476K, capacity 101467K, committed 101756K, reserved 1138688K
  class space    used 10007K, capacity 11773K, committed 11900K, reserved 1048576K
}
Event: 56,462 GC heap after
{Heap after GC invocations=28 (full 0):
 garbage-first heap   total 366592K, used 201535K [0x0000000708200000, 0x0000000800000000)
  region size 1024K, 1 young (1024K), 1 survivors (1024K)
 Metaspace       used 96476K, capacity 101467K, committed 101756K, reserved 1138688K
  class space    used 10007K, capacity 11773K, committed 11900K, reserved 1048576K
}

