# JRE version: OpenJDK Runtime Environment (11.0.13+8) (build 11.0.13+8)
# Java VM: OpenJDK 64-Bit Server VM (11.0.13+8, mixed mode, tiered, compressed oops, g1 gc, linux-amd64)
Heap:
 garbage-first heap   total 390144K, used 257253K [0x0000000708200000, 0x0000000800000000)
  region size 1024K, 56 young (57344K), 1 survivors (1024K)
 Metaspace       used 96607K, capacity 101683K, committed 101840K, reserved 1138688K
  class space    used 9999K, capacity 11757K, committed 11824K, reserved 1048576K
GC Heap History (20 events):
Event: 48,526 GC heap before
{Heap before GC invocations=25 (full 0):
 garbage-first heap   total 390144K, used 211218K [0x0000000708200000, 0x0000000800000000)
  region size 1024K, 19 young (19456K), 8 survivors (8192K)
 Metaspace       used 94858K, capacity 99756K, committed 100048K, reserved 1138688K
  class space    used 9952K, capacity 11700K, committed 11824K, reserved 1048576K
}
Event: 48,531 GC heap after
{Heap after GC invocations=26 (full 0):
 garbage-first heap   total 390144K, used 199412K [0x0000000708200000, 0x0000000800000000)
  region size 1024K, 2 young (2048K), 2 survivors (2048K)
 Metaspace       used 94858K, capacity 99756K, committed 100048K, reserved 1138688K
  class space    used 9952K, capacity 11700K, committed 11824K, reserved 1048576K
}
Event: 60,594 GC heap before
{Heap before GC invocations=26 (full 0):
 garbage-first heap   total 390144K, used 279284K [0x0000000708200000, 0x0000000800000000)
  region size 1024K, 80 young (81920K), 2 survivors (2048K)
 Metaspace       used 95932K, capacity 100924K, committed 101072K, reserved 1138688K
  class space    used 9987K, capacity 11721K, committed 11824K, reserved 1048576K
}
Event: 60,598 GC heap after
{Heap after GC invocations=27 (full 0):
 garbage-first heap   total 390144K, used 202121K [0x0000000708200000, 0x0000000800000000)
  region size 1024K, 4 young (4096K), 4 survivors (4096K)
 Metaspace       used 95932K, capacity 100924K, committed 101072K, reserved 1138688K
  class space    used 9987K, capacity 11721K, committed 11824K, reserved 1048576K
}
Event: 74,259 GC heap before
{Heap before GC invocations=28 (full 0):
 garbage-first heap   total 390144K, used 288137K [0x0000000708200000, 0x0000000800000000)
  region size 1024K, 88 young (90112K), 4 survivors (4096K)
 Metaspace       used 96294K, capacity 101258K, committed 101584K, reserved 1138688K
  class space    used 9990K, capacity 11723K, committed 11824K, reserved 1048576K
}
Event: 74,264 GC heap after
{Heap after GC invocations=29 (full 0):
 garbage-first heap   total 390144K, used 202320K [0x0000000708200000, 0x0000000800000000)
  region size 1024K, 4 young (4096K), 4 survivors (4096K)
 Metaspace       used 96294K, capacity 101258K, committed 101584K, reserved 1138688K
  class space    used 9990K, capacity 11723K, committed 11824K, reserved 1048576K
}
Event: 76,719 GC heap before
{Heap before GC invocations=29 (full 0):
 garbage-first heap   total 390144K, used 217680K [0x0000000708200000, 0x0000000800000000)
  region size 1024K, 19 young (19456K), 4 survivors (4096K)
 Metaspace       used 96320K, capacity 101322K, committed 101584K, reserved 1138688K
  class space    used 9990K, capacity 11723K, committed 11824K, reserved 1048576K
}
Event: 76,725 GC heap after
{Heap after GC invocations=30 (full 0):
 garbage-first heap   total 390144K, used 201657K [0x0000000708200000, 0x0000000800000000)
  region size 1024K, 1 young (1024K), 1 survivors (1024K)
 Metaspace       used 96320K, capacity 101322K, committed 101584K, reserved 1138688K
  class space    used 9990K, capacity 11723K, committed 11824K, reserved 1048576K
}
Event: 77,333 GC heap before
{Heap before GC invocations=30 (full 0):
 garbage-first heap   total 390144K, used 205753K [0x0000000708200000, 0x0000000800000000)
  region size 1024K, 6 young (6144K), 1 survivors (1024K)
 Metaspace       used 96350K, capacity 101386K, committed 101584K, reserved 1138688K
  class space    used 9991K, capacity 11723K, committed 11824K, reserved 1048576K
}
Event: 77,339 GC heap after
{Heap after GC invocations=31 (full 0):
 garbage-first heap   total 390144K, used 201638K [0x0000000708200000, 0x0000000800000000)
  region size 1024K, 1 young (1024K), 1 survivors (1024K)
 Metaspace       used 96350K, capacity 101386K, committed 101584K, reserved 1138688K
  class space    used 9991K, capacity 11723K, committed 11824K, reserved 1048576K
}
Event: 91,963 GC heap before
{Heap before GC invocations=32 (full 0):
 garbage-first heap   total 390144K, used 296870K [0x0000000708200000, 0x0000000800000000)
  region size 1024K, 93 young (95232K), 1 survivors (1024K)
 Metaspace       used 96462K, capacity 101488K, committed 101840K, reserved 1138688K
  class space    used 9994K, capacity 11757K, committed 11824K, reserved 1048576K
}
Event: 91,967 GC heap after
{Heap after GC invocations=33 (full 0):
 garbage-first heap   total 390144K, used 202665K [0x0000000708200000, 0x0000000800000000)
  region size 1024K, 1 young (1024K), 1 survivors (1024K)
 Metaspace       used 96462K, capacity 101488K, committed 101840K, reserved 1138688K
  class space    used 9994K, capacity 11757K, committed 11824K, reserved 1048576K
}
Event: 94,906 GC heap before
{Heap before GC invocations=33 (full 0):
 garbage-first heap   total 390144K, used 221097K [0x0000000708200000, 0x0000000800000000)
  region size 1024K, 19 young (19456K), 1 survivors (1024K)
 Metaspace       used 96508K, capacity 101552K, committed 101840K, reserved 1138688K
  class space    used 9994K, capacity 11757K, committed 11824K, reserved 1048576K
}
Event: 94,913 GC heap after
{Heap after GC invocations=34 (full 0):
 garbage-first heap   total 390144K, used 203603K [0x0000000708200000, 0x0000000800000000)
  region size 1024K, 1 young (1024K), 1 survivors (1024K)
 Metaspace       used 96508K, capacity 101552K, committed 101840K, reserved 1138688K
  class space    used 9994K, capacity 11757K, committed 11824K, reserved 1048576K
}
Event: 110,585 GC heap before
{Heap before GC invocations=34 (full 0):
 garbage-first heap   total 390144K, used 302931K [0x0000000708200000, 0x0000000800000000)
  region size 1024K, 98 young (100352K), 1 survivors (1024K)
 Metaspace       used 96550K, capacity 101616K, committed 101840K, reserved 1138688K
  class space    used 9995K, capacity 11757K, committed 11824K, reserved 1048576K
}
Event: 110,590 GC heap after
{Heap after GC invocations=35 (full 0):
 garbage-first heap   total 390144K, used 203635K [0x0000000708200000, 0x0000000800000000)
  region size 1024K, 1 young (1024K), 1 survivors (1024K)
 Metaspace       used 96550K, capacity 101616K, committed 101840K, reserved 1138688K
  class space    used 9995K, capacity 11757K, committed 11824K, reserved 1048576K
}
Event: 127,004 GC heap before
{Heap before GC invocations=36 (full 0):
 garbage-first heap   total 390144K, used 306707K [0x0000000708200000, 0x0000000800000000)
  region size 1024K, 102 young (104448K), 1 survivors (1024K)
 Metaspace       used 96568K, capacity 101617K, committed 101840K, reserved 1138688K
  class space    used 9995K, capacity 11757K, committed 11824K, reserved 1048576K
}
Event: 127,008 GC heap after
{Heap after GC invocations=37 (full 0):
 garbage-first heap   total 390144K, used 203302K [0x0000000708200000, 0x0000000800000000)
  region size 1024K, 1 young (1024K), 1 survivors (1024K)
 Metaspace       used 96568K, capacity 101617K, committed 101840K, reserved 1138688K
  class space    used 9995K, capacity 11757K, committed 11824K, reserved 1048576K
}
Event: 129,820 GC heap before
{Heap before GC invocations=37 (full 0):
 garbage-first heap   total 390144K, used 221734K [0x0000000708200000, 0x0000000800000000)
  region size 1024K, 19 young (19456K), 1 survivors (1024K)
 Metaspace       used 96590K, capacity 101619K, committed 101840K, reserved 1138688K
  class space    used 9995K, capacity 11757K, committed 11824K, reserved 1048576K
}
Event: 129,840 GC heap after
{Heap after GC invocations=38 (full 0):
 garbage-first heap   total 390144K, used 201957K [0x0000000708200000, 0x0000000800000000)
  region size 1024K, 1 young (1024K), 1 survivors (1024K)
 Metaspace       used 96590K, capacity 101619K, committed 101840K, reserved 1138688K
  class space    used 9995K, capacity 11757K, committed 11824K, reserved 1048576K
}

