# JRE version: OpenJDK Runtime Environment (11.0.13+8) (build 11.0.13+8)
# Java VM: OpenJDK 64-Bit Server VM (11.0.13+8, mixed mode, tiered, compressed oops, g1 gc, linux-amd64)
Heap:
 garbage-first heap   total 366592K, used 202813K [0x0000000708200000, 0x0000000800000000)
  region size 1024K, 12 young (12288K), 2 survivors (2048K)
 Metaspace       used 96530K, capacity 101650K, committed 102012K, reserved 1138688K
  class space    used 9999K, capacity 11767K, committed 11900K, reserved 1048576K
GC Heap History (20 events):
Event: 54,871 GC heap before
{Heap before GC invocations=25 (full 0):
 garbage-first heap   total 366592K, used 217113K [0x0000000708200000, 0x0000000800000000)
  region size 1024K, 17 young (17408K), 2 survivors (2048K)
 Metaspace       used 96267K, capacity 101385K, committed 101756K, reserved 1138688K
  class space    used 9991K, capacity 11765K, committed 11900K, reserved 1048576K
}
Event: 54,876 GC heap after
{Heap after GC invocations=26 (full 0):
 garbage-first heap   total 366592K, used 194130K [0x0000000708200000, 0x0000000800000000)
  region size 1024K, 2 young (2048K), 2 survivors (2048K)
 Metaspace       used 96267K, capacity 101385K, committed 101756K, reserved 1138688K
  class space    used 9991K, capacity 11765K, committed 11900K, reserved 1048576K
}
Event: 67,787 GC heap before
{Heap before GC invocations=26 (full 0):
 garbage-first heap   total 366592K, used 294482K [0x0000000708200000, 0x0000000800000000)
  region size 1024K, 100 young (102400K), 2 survivors (2048K)
 Metaspace       used 96366K, capacity 101449K, committed 101756K, reserved 1138688K
  class space    used 9994K, capacity 11765K, committed 11900K, reserved 1048576K
}
Event: 67,792 GC heap after
{Heap after GC invocations=27 (full 0):
 garbage-first heap   total 366592K, used 194188K [0x0000000708200000, 0x0000000800000000)
  region size 1024K, 2 young (2048K), 2 survivors (2048K)
 Metaspace       used 96366K, capacity 101449K, committed 101756K, reserved 1138688K
  class space    used 9994K, capacity 11765K, committed 11900K, reserved 1048576K
}
Event: 81,059 GC heap before
{Heap before GC invocations=28 (full 0):
 garbage-first heap   total 366592K, used 298636K [0x0000000708200000, 0x0000000800000000)
  region size 1024K, 104 young (106496K), 2 survivors (2048K)
 Metaspace       used 96413K, capacity 101455K, committed 101756K, reserved 1138688K
  class space    used 9996K, capacity 11767K, committed 11900K, reserved 1048576K
}
Event: 81,062 GC heap after
{Heap after GC invocations=29 (full 0):
 garbage-first heap   total 366592K, used 194203K [0x0000000708200000, 0x0000000800000000)
  region size 1024K, 2 young (2048K), 2 survivors (2048K)
 Metaspace       used 96413K, capacity 101455K, committed 101756K, reserved 1138688K
  class space    used 9996K, capacity 11767K, committed 11900K, reserved 1048576K
}
Event: 82,988 GC heap before
{Heap before GC invocations=29 (full 0):
 garbage-first heap   total 366592K, used 209563K [0x0000000708200000, 0x0000000800000000)
  region size 1024K, 17 young (17408K), 2 survivors (2048K)
 Metaspace       used 96413K, capacity 101455K, committed 101756K, reserved 1138688K
  class space    used 9996K, capacity 11767K, committed 11900K, reserved 1048576K
}
Event: 82,991 GC heap after
{Heap after GC invocations=30 (full 0):
 garbage-first heap   total 366592K, used 194032K [0x0000000708200000, 0x0000000800000000)
  region size 1024K, 2 young (2048K), 2 survivors (2048K)
 Metaspace       used 96413K, capacity 101455K, committed 101756K, reserved 1138688K
  class space    used 9996K, capacity 11767K, committed 11900K, reserved 1048576K
}
Event: 96,826 GC heap before
{Heap before GC invocations=30 (full 0):
 garbage-first heap   total 366592K, used 302576K [0x0000000708200000, 0x0000000800000000)
  region size 1024K, 108 young (110592K), 2 survivors (2048K)
 Metaspace       used 96462K, capacity 101519K, committed 101756K, reserved 1138688K
  class space    used 9996K, capacity 11767K, committed 11900K, reserved 1048576K
}
Event: 96,830 GC heap after
{Heap after GC invocations=31 (full 0):
 garbage-first heap   total 366592K, used 194185K [0x0000000708200000, 0x0000000800000000)
  region size 1024K, 2 young (2048K), 2 survivors (2048K)
 Metaspace       used 96462K, capacity 101519K, committed 101756K, reserved 1138688K
  class space    used 9996K, capacity 11767K, committed 11900K, reserved 1048576K
}
Event: 110,995 GC heap before
{Heap before GC invocations=31 (full 0):
 garbage-first heap   total 366592K, used 305801K [0x0000000708200000, 0x0000000800000000)
  region size 1024K, 111 young (113664K), 2 survivors (2048K)
 Metaspace       used 96490K, capacity 101649K, committed 102012K, reserved 1138688K
  class space    used 9996K, capacity 11767K, committed 11900K, reserved 1048576K
}
Event: 110,999 GC heap after
{Heap after GC invocations=32 (full 0):
 garbage-first heap   total 366592K, used 194055K [0x0000000708200000, 0x0000000800000000)
  region size 1024K, 2 young (2048K), 2 survivors (2048K)
 Metaspace       used 96490K, capacity 101649K, committed 102012K, reserved 1138688K
  class space    used 9996K, capacity 11767K, committed 11900K, reserved 1048576K
}
Event: 125,807 GC heap before
{Heap before GC invocations=32 (full 0):
 garbage-first heap   total 366592K, used 308743K [0x0000000708200000, 0x0000000800000000)
  region size 1024K, 114 young (116736K), 2 survivors (2048K)
 Metaspace       used 96496K, capacity 101650K, committed 102012K, reserved 1138688K
  class space    used 9997K, capacity 11767K, committed 11900K, reserved 1048576K
}
Event: 125,818 GC heap after
{Heap after GC invocations=33 (full 0):
 garbage-first heap   total 366592K, used 194165K [0x0000000708200000, 0x0000000800000000)
  region size 1024K, 2 young (2048K), 2 survivors (2048K)
 Metaspace       used 96496K, capacity 101650K, committed 102012K, reserved 1138688K
  class space    used 9997K, capacity 11767K, committed 11900K, reserved 1048576K
}
Event: 140,980 GC heap before
{Heap before GC invocations=34 (full 0):
 garbage-first heap   total 366592K, used 310901K [0x0000000708200000, 0x0000000800000000)
  region size 1024K, 116 young (118784K), 2 survivors (2048K)
 Metaspace       used 96516K, capacity 101650K, committed 102012K, reserved 1138688K
  class space    used 9999K, capacity 11767K, committed 11900K, reserved 1048576K
}
Event: 140,985 GC heap after
{Heap after GC invocations=35 (full 0):
 garbage-first heap   total 366592K, used 194145K [0x0000000708200000, 0x0000000800000000)
  region size 1024K, 2 young (2048K), 2 survivors (2048K)
 Metaspace       used 96516K, capacity 101650K, committed 102012K, reserved 1138688K
  class space    used 9999K, capacity 11767K, committed 11900K, reserved 1048576K
}
Event: 142,901 GC heap before
{Heap before GC invocations=35 (full 0):
 garbage-first heap   total 366592K, used 209505K [0x0000000708200000, 0x0000000800000000)
  region size 1024K, 17 young (17408K), 2 survivors (2048K)
 Metaspace       used 96519K, capacity 101650K, committed 102012K, reserved 1138688K
  class space    used 9999K, capacity 11767K, committed 11900K, reserved 1048576K
}
Event: 142,904 GC heap after
{Heap after GC invocations=36 (full 0):
 garbage-first heap   total 366592K, used 193606K [0x0000000708200000, 0x0000000800000000)
  region size 1024K, 2 young (2048K), 2 survivors (2048K)
 Metaspace       used 96519K, capacity 101650K, committed 102012K, reserved 1138688K
  class space    used 9999K, capacity 11767K, committed 11900K, reserved 1048576K
}
Event: 158,348 GC heap before
{Heap before GC invocations=36 (full 0):
 garbage-first heap   total 366592K, used 313414K [0x0000000708200000, 0x0000000800000000)
  region size 1024K, 119 young (121856K), 2 survivors (2048K)
 Metaspace       used 96527K, capacity 101650K, committed 102012K, reserved 1138688K
  class space    used 9999K, capacity 11767K, committed 11900K, reserved 1048576K
}
Event: 158,363 GC heap after
{Heap after GC invocations=37 (full 0):
 garbage-first heap   total 366592K, used 193597K [0x0000000708200000, 0x0000000800000000)
  region size 1024K, 2 young (2048K), 2 survivors (2048K)
 Metaspace       used 96527K, capacity 101650K, committed 102012K, reserved 1138688K
  class space    used 9999K, capacity 11767K, committed 11900K, reserved 1048576K
}

