# JRE version: OpenJDK Runtime Environment (11.0.13+8) (build 11.0.13+8)
# Java VM: OpenJDK 64-Bit Server VM (11.0.13+8, mixed mode, tiered, compressed oops, g1 gc, linux-amd64)
Heap:
 garbage-first heap   total 366592K, used 199148K [0x0000000708200000, 0x0000000800000000)
  region size 1024K, 50 young (51200K), 0 survivors (0K)
 Metaspace       used 101203K, capacity 106302K, committed 106652K, reserved 1144832K
  class space    used 10264K, capacity 12016K, committed 12028K, reserved 1048576K
GC Heap History (20 events):
Event: 2110,331 GC heap before
{Heap before GC invocations=209 (full 0):
 garbage-first heap   total 366592K, used 325913K [0x0000000708200000, 0x0000000800000000)
  region size 1024K, 110 young (112640K), 1 survivors (1024K)
 Metaspace       used 101126K, capacity 106210K, committed 106396K, reserved 1144832K
  class space    used 10255K, capacity 12007K, committed 12028K, reserved 1048576K
}
Event: 2110,334 GC heap after
{Heap after GC invocations=210 (full 0):
 garbage-first heap   total 366592K, used 214313K [0x0000000708200000, 0x0000000800000000)
  region size 1024K, 1 young (1024K), 1 survivors (1024K)
 Metaspace       used 101126K, capacity 106210K, committed 106396K, reserved 1144832K
  class space    used 10255K, capacity 12007K, committed 12028K, reserved 1048576K
}
Event: 2125,931 GC heap before
{Heap before GC invocations=210 (full 0):
 garbage-first heap   total 366592K, used 325929K [0x0000000708200000, 0x0000000800000000)
  region size 1024K, 110 young (112640K), 1 survivors (1024K)
 Metaspace       used 101126K, capacity 106210K, committed 106396K, reserved 1144832K
  class space    used 10255K, capacity 12007K, committed 12028K, reserved 1048576K
}
Event: 2125,934 GC heap after
{Heap after GC invocations=211 (full 0):
 garbage-first heap   total 366592K, used 214317K [0x0000000708200000, 0x0000000800000000)
  region size 1024K, 1 young (1024K), 1 survivors (1024K)
 Metaspace       used 101126K, capacity 106210K, committed 106396K, reserved 1144832K
  class space    used 10255K, capacity 12007K, committed 12028K, reserved 1048576K
}
Event: 2141,392 GC heap before
{Heap before GC invocations=211 (full 0):
 garbage-first heap   total 366592K, used 325933K [0x0000000708200000, 0x0000000800000000)
  region size 1024K, 110 young (112640K), 1 survivors (1024K)
 Metaspace       used 101126K, capacity 106210K, committed 106396K, reserved 1144832K
  class space    used 10255K, capacity 12007K, committed 12028K, reserved 1048576K
}
Event: 2141,394 GC heap after
{Heap after GC invocations=212 (full 0):
 garbage-first heap   total 366592K, used 214317K [0x0000000708200000, 0x0000000800000000)
  region size 1024K, 1 young (1024K), 1 survivors (1024K)
 Metaspace       used 101126K, capacity 106210K, committed 106396K, reserved 1144832K
  class space    used 10255K, capacity 12007K, committed 12028K, reserved 1048576K
}
Event: 2156,992 GC heap before
{Heap before GC invocations=212 (full 0):
 garbage-first heap   total 366592K, used 325933K [0x0000000708200000, 0x0000000800000000)
  region size 1024K, 110 young (112640K), 1 survivors (1024K)
 Metaspace       used 101126K, capacity 106210K, committed 106396K, reserved 1144832K
  class space    used 10255K, capacity 12007K, committed 12028K, reserved 1048576K
}
Event: 2156,994 GC heap after
{Heap after GC invocations=213 (full 0):
 garbage-first heap   total 366592K, used 214329K [0x0000000708200000, 0x0000000800000000)
  region size 1024K, 1 young (1024K), 1 survivors (1024K)
 Metaspace       used 101126K, capacity 106210K, committed 106396K, reserved 1144832K
  class space    used 10255K, capacity 12007K, committed 12028K, reserved 1048576K
}
Event: 2172,478 GC heap before
{Heap before GC invocations=213 (full 0):
 garbage-first heap   total 366592K, used 325945K [0x0000000708200000, 0x0000000800000000)
  region size 1024K, 110 young (112640K), 1 survivors (1024K)
 Metaspace       used 101127K, capacity 106274K, committed 106652K, reserved 1144832K
  class space    used 10255K, capacity 12007K, committed 12028K, reserved 1048576K
}
Event: 2172,481 GC heap after
{Heap after GC invocations=214 (full 0):
 garbage-first heap   total 366592K, used 214343K [0x0000000708200000, 0x0000000800000000)
  region size 1024K, 1 young (1024K), 1 survivors (1024K)
 Metaspace       used 101127K, capacity 106274K, committed 106652K, reserved 1144832K
  class space    used 10255K, capacity 12007K, committed 12028K, reserved 1048576K
}
Event: 2188,023 GC heap before
{Heap before GC invocations=214 (full 0):
 garbage-first heap   total 366592K, used 326983K [0x0000000708200000, 0x0000000800000000)
  region size 1024K, 111 young (113664K), 1 survivors (1024K)
 Metaspace       used 101127K, capacity 106274K, committed 106652K, reserved 1144832K
  class space    used 10255K, capacity 12007K, committed 12028K, reserved 1048576K
}
Event: 2188,027 GC heap after
{Heap after GC invocations=215 (full 0):
 garbage-first heap   total 366592K, used 214351K [0x0000000708200000, 0x0000000800000000)
  region size 1024K, 1 young (1024K), 1 survivors (1024K)
 Metaspace       used 101127K, capacity 106274K, committed 106652K, reserved 1144832K
  class space    used 10255K, capacity 12007K, committed 12028K, reserved 1048576K
}
Event: 2203,661 GC heap before
{Heap before GC invocations=215 (full 0):
 garbage-first heap   total 366592K, used 326991K [0x0000000708200000, 0x0000000800000000)
  region size 1024K, 111 young (113664K), 1 survivors (1024K)
 Metaspace       used 101132K, capacity 106277K, committed 106652K, reserved 1144832K
  class space    used 10255K, capacity 12008K, committed 12028K, reserved 1048576K
}
Event: 2203,664 GC heap after
{Heap after GC invocations=216 (full 0):
 garbage-first heap   total 366592K, used 214362K [0x0000000708200000, 0x0000000800000000)
  region size 1024K, 1 young (1024K), 1 survivors (1024K)
 Metaspace       used 101132K, capacity 106277K, committed 106652K, reserved 1144832K
  class space    used 10255K, capacity 12008K, committed 12028K, reserved 1048576K
}
Event: 2219,131 GC heap before
{Heap before GC invocations=216 (full 0):
 garbage-first heap   total 366592K, used 327002K [0x0000000708200000, 0x0000000800000000)
  region size 1024K, 111 young (113664K), 1 survivors (1024K)
 Metaspace       used 101133K, capacity 106277K, committed 106652K, reserved 1144832K
  class space    used 10255K, capacity 12008K, committed 12028K, reserved 1048576K
}
Event: 2219,135 GC heap after
{Heap after GC invocations=217 (full 0):
 garbage-first heap   total 366592K, used 214381K [0x0000000708200000, 0x0000000800000000)
  region size 1024K, 1 young (1024K), 1 survivors (1024K)
 Metaspace       used 101133K, capacity 106277K, committed 106652K, reserved 1144832K
  class space    used 10255K, capacity 12008K, committed 12028K, reserved 1048576K
}
Event: 2234,820 GC heap before
{Heap before GC invocations=217 (full 0):
 garbage-first heap   total 366592K, used 327021K [0x0000000708200000, 0x0000000800000000)
  region size 1024K, 111 young (113664K), 1 survivors (1024K)
 Metaspace       used 101163K, capacity 106289K, committed 106652K, reserved 1144832K
  class space    used 10260K, capacity 12012K, committed 12028K, reserved 1048576K
}
Event: 2234,824 GC heap after
{Heap after GC invocations=218 (full 0):
 garbage-first heap   total 366592K, used 214403K [0x0000000708200000, 0x0000000800000000)
  region size 1024K, 1 young (1024K), 1 survivors (1024K)
 Metaspace       used 101163K, capacity 106289K, committed 106652K, reserved 1144832K
  class space    used 10260K, capacity 12012K, committed 12028K, reserved 1048576K
}
Event: 2242,356 GC heap before
{Heap before GC invocations=218 (full 0):
 garbage-first heap   total 366592K, used 268675K [0x0000000708200000, 0x0000000800000000)
  region size 1024K, 55 young (56320K), 1 survivors (1024K)
 Metaspace       used 101167K, capacity 106289K, committed 106652K, reserved 1144832K
  class space    used 10260K, capacity 12012K, committed 12028K, reserved 1048576K
}
Event: 2242,432 GC heap after
{Heap after GC invocations=219 (full 1):
 garbage-first heap   total 366592K, used 146924K [0x0000000708200000, 0x0000000800000000)
  region size 1024K, 0 young (0K), 0 survivors (0K)
 Metaspace       used 101167K, capacity 106289K, committed 106652K, reserved 1144832K
  class space    used 10260K, capacity 12012K, committed 12028K, reserved 1048576K
}

