# JRE version: OpenJDK Runtime Environment (11.0.13+8) (build 11.0.13+8)
# Java VM: OpenJDK 64-Bit Server VM (11.0.13+8, mixed mode, tiered, compressed oops, g1 gc, linux-amd64)
Heap:
 garbage-first heap   total 366592K, used 168124K [0x0000000708200000, 0x0000000800000000)
  region size 1024K, 23 young (23552K), 0 survivors (0K)
 Metaspace       used 97159K, capacity 102234K, committed 102608K, reserved 1140736K
  class space    used 10008K, capacity 11752K, committed 11824K, reserved 1048576K
GC Heap History (20 events):
Event: 51,626 GC heap before
{Heap before GC invocations=25 (full 0):
 garbage-first heap   total 366592K, used 287072K [0x0000000708200000, 0x0000000800000000)
  region size 1024K, 89 young (91136K), 1 survivors (1024K)
 Metaspace       used 96396K, capacity 101501K, committed 101840K, reserved 1138688K
  class space    used 9995K, capacity 11743K, committed 11824K, reserved 1048576K
}
Event: 51,650 GC heap after
{Heap after GC invocations=26 (full 0):
 garbage-first heap   total 366592K, used 197191K [0x0000000708200000, 0x0000000800000000)
  region size 1024K, 1 young (1024K), 1 survivors (1024K)
 Metaspace       used 96396K, capacity 101501K, committed 101840K, reserved 1138688K
  class space    used 9995K, capacity 11743K, committed 11824K, reserved 1048576K
}
Event: 53,782 GC heap before
{Heap before GC invocations=26 (full 0):
 garbage-first heap   total 366592K, used 213575K [0x0000000708200000, 0x0000000800000000)
  region size 1024K, 17 young (17408K), 1 survivors (1024K)
 Metaspace       used 96396K, capacity 101501K, committed 101840K, reserved 1138688K
  class space    used 9995K, capacity 11743K, committed 11824K, reserved 1048576K
}
Event: 53,788 GC heap after
{Heap after GC invocations=27 (full 0):
 garbage-first heap   total 366592K, used 191874K [0x0000000708200000, 0x0000000800000000)
  region size 1024K, 1 young (1024K), 1 survivors (1024K)
 Metaspace       used 96396K, capacity 101501K, committed 101840K, reserved 1138688K
  class space    used 9995K, capacity 11743K, committed 11824K, reserved 1048576K
}
Event: 65,009 GC heap before
{Heap before GC invocations=27 (full 0):
 garbage-first heap   total 366592K, used 292226K [0x0000000708200000, 0x0000000800000000)
  region size 1024K, 99 young (101376K), 1 survivors (1024K)
 Metaspace       used 96618K, capacity 101765K, committed 102096K, reserved 1140736K
  class space    used 10001K, capacity 11746K, committed 11824K, reserved 1048576K
}
Event: 65,020 GC heap after
{Heap after GC invocations=28 (full 0):
 garbage-first heap   total 366592K, used 192761K [0x0000000708200000, 0x0000000800000000)
  region size 1024K, 2 young (2048K), 2 survivors (2048K)
 Metaspace       used 96618K, capacity 101765K, committed 102096K, reserved 1140736K
  class space    used 10001K, capacity 11746K, committed 11824K, reserved 1048576K
}
Event: 76,905 GC heap before
{Heap before GC invocations=29 (full 0):
 garbage-first heap   total 366592K, used 296185K [0x0000000708200000, 0x0000000800000000)
  region size 1024K, 103 young (105472K), 2 survivors (2048K)
 Metaspace       used 96694K, capacity 101774K, committed 102096K, reserved 1140736K
  class space    used 10003K, capacity 11749K, committed 11824K, reserved 1048576K
}
Event: 76,916 GC heap after
{Heap after GC invocations=30 (full 0):
 garbage-first heap   total 366592K, used 193176K [0x0000000708200000, 0x0000000800000000)
  region size 1024K, 2 young (2048K), 2 survivors (2048K)
 Metaspace       used 96694K, capacity 101774K, committed 102096K, reserved 1140736K
  class space    used 10003K, capacity 11749K, committed 11824K, reserved 1048576K
}
Event: 78,524 GC heap before
{Heap before GC invocations=30 (full 0):
 garbage-first heap   total 366592K, used 208536K [0x0000000708200000, 0x0000000800000000)
  region size 1024K, 17 young (17408K), 2 survivors (2048K)
 Metaspace       used 96722K, capacity 101774K, committed 102096K, reserved 1140736K
  class space    used 10004K, capacity 11749K, committed 11824K, reserved 1048576K
}
Event: 78,528 GC heap after
{Heap after GC invocations=31 (full 0):
 garbage-first heap   total 366592K, used 192585K [0x0000000708200000, 0x0000000800000000)
  region size 1024K, 2 young (2048K), 2 survivors (2048K)
 Metaspace       used 96722K, capacity 101774K, committed 102096K, reserved 1140736K
  class space    used 10004K, capacity 11749K, committed 11824K, reserved 1048576K
}
Event: 90,829 GC heap before
{Heap before GC invocations=31 (full 0):
 garbage-first heap   total 366592K, used 299081K [0x0000000708200000, 0x0000000800000000)
  region size 1024K, 106 young (108544K), 2 survivors (2048K)
 Metaspace       used 96825K, capacity 101902K, committed 102096K, reserved 1140736K
  class space    used 10004K, capacity 11749K, committed 11824K, reserved 1048576K
}
Event: 90,832 GC heap after
{Heap after GC invocations=32 (full 0):
 garbage-first heap   total 366592K, used 192917K [0x0000000708200000, 0x0000000800000000)
  region size 1024K, 2 young (2048K), 2 survivors (2048K)
 Metaspace       used 96825K, capacity 101902K, committed 102096K, reserved 1140736K
  class space    used 10004K, capacity 11749K, committed 11824K, reserved 1048576K
}
Event: 103,674 GC heap before
{Heap before GC invocations=32 (full 0):
 garbage-first heap   total 366592K, used 303509K [0x0000000708200000, 0x0000000800000000)
  region size 1024K, 110 young (112640K), 2 survivors (2048K)
 Metaspace       used 96889K, capacity 101902K, committed 102096K, reserved 1140736K
  class space    used 10004K, capacity 11749K, committed 11824K, reserved 1048576K
}
Event: 103,677 GC heap after
{Heap after GC invocations=33 (full 0):
 garbage-first heap   total 366592K, used 193285K [0x0000000708200000, 0x0000000800000000)
  region size 1024K, 2 young (2048K), 2 survivors (2048K)
 Metaspace       used 96889K, capacity 101902K, committed 102096K, reserved 1140736K
  class space    used 10004K, capacity 11749K, committed 11824K, reserved 1048576K
}
Event: 118,879 GC heap before
{Heap before GC invocations=33 (full 0):
 garbage-first heap   total 366592K, used 305925K [0x0000000708200000, 0x0000000800000000)
  region size 1024K, 112 young (114688K), 2 survivors (2048K)
 Metaspace       used 96953K, capacity 102037K, committed 102352K, reserved 1140736K
  class space    used 10005K, capacity 11751K, committed 11824K, reserved 1048576K
}
Event: 118,883 GC heap after
{Heap after GC invocations=34 (full 0):
 garbage-first heap   total 366592K, used 193322K [0x0000000708200000, 0x0000000800000000)
  region size 1024K, 3 young (3072K), 3 survivors (3072K)
 Metaspace       used 96953K, capacity 102037K, committed 102352K, reserved 1140736K
  class space    used 10005K, capacity 11751K, committed 11824K, reserved 1048576K
}
Event: 133,683 GC heap before
{Heap before GC invocations=34 (full 0):
 garbage-first heap   total 366592K, used 306986K [0x0000000708200000, 0x0000000800000000)
  region size 1024K, 114 young (116736K), 3 survivors (3072K)
 Metaspace       used 97032K, capacity 102102K, committed 102352K, reserved 1140736K
  class space    used 10005K, capacity 11751K, committed 11824K, reserved 1048576K
}
Event: 133,687 GC heap after
{Heap after GC invocations=35 (full 0):
 garbage-first heap   total 366592K, used 193404K [0x0000000708200000, 0x0000000800000000)
  region size 1024K, 3 young (3072K), 3 survivors (3072K)
 Metaspace       used 97032K, capacity 102102K, committed 102352K, reserved 1140736K
  class space    used 10005K, capacity 11751K, committed 11824K, reserved 1048576K
}
Event: 142,000 GC heap before
{Heap before GC invocations=35 (full 0):
 garbage-first heap   total 366592K, used 265084K [0x0000000708200000, 0x0000000800000000)
  region size 1024K, 75 young (76800K), 3 survivors (3072K)
 Metaspace       used 97085K, capacity 102166K, committed 102352K, reserved 1140736K
  class space    used 10006K, capacity 11751K, committed 11824K, reserved 1048576K
}
Event: 142,084 GC heap after
{Heap after GC invocations=36 (full 1):
 garbage-first heap   total 366592K, used 143548K [0x0000000708200000, 0x0000000800000000)
  region size 1024K, 0 young (0K), 0 survivors (0K)
 Metaspace       used 97085K, capacity 102166K, committed 102352K, reserved 1140736K
  class space    used 10006K, capacity 11751K, committed 11824K, reserved 1048576K
}

