# JRE version: OpenJDK Runtime Environment (11.0.13+8) (build 11.0.13+8)
# Java VM: OpenJDK 64-Bit Server VM (11.0.13+8, mixed mode, tiered, compressed oops, g1 gc, linux-amd64)
Heap:
 garbage-first heap   total 445440K, used 343889K [0x0000000708200000, 0x0000000800000000)
  region size 1024K, 146 young (149504K), 1 survivors (1024K)
 Metaspace       used 96809K, capacity 101840K, committed 102096K, reserved 1140736K
  class space    used 10002K, capacity 11801K, committed 11824K, reserved 1048576K
GC Heap History (20 events):
Event: 57,861 GC heap before
{Heap before GC invocations=27 (full 0):
 garbage-first heap   total 445440K, used 216043K [0x0000000708200000, 0x0000000800000000)
  region size 1024K, 21 young (21504K), 4 survivors (4096K)
 Metaspace       used 96323K, capacity 101398K, committed 101584K, reserved 1138688K
  class space    used 9991K, capacity 11765K, committed 11824K, reserved 1048576K
}
Event: 57,874 GC heap after
{Heap after GC invocations=28 (full 0):
 garbage-first heap   total 445440K, used 196001K [0x0000000708200000, 0x0000000800000000)
  region size 1024K, 1 young (1024K), 1 survivors (1024K)
 Metaspace       used 96323K, capacity 101398K, committed 101584K, reserved 1138688K
  class space    used 9991K, capacity 11765K, committed 11824K, reserved 1048576K
}
Event: 76,893 GC heap before
{Heap before GC invocations=28 (full 0):
 garbage-first heap   total 445440K, used 327073K [0x0000000708200000, 0x0000000800000000)
  region size 1024K, 129 young (132096K), 1 survivors (1024K)
 Metaspace       used 96445K, capacity 101532K, committed 101840K, reserved 1138688K
  class space    used 9993K, capacity 11767K, committed 11824K, reserved 1048576K
}
Event: 76,900 GC heap after
{Heap after GC invocations=29 (full 0):
 garbage-first heap   total 445440K, used 195989K [0x0000000708200000, 0x0000000800000000)
  region size 1024K, 1 young (1024K), 1 survivors (1024K)
 Metaspace       used 96445K, capacity 101532K, committed 101840K, reserved 1138688K
  class space    used 9993K, capacity 11767K, committed 11824K, reserved 1048576K
}
Event: 97,273 GC heap before
{Heap before GC invocations=29 (full 0):
 garbage-first heap   total 445440K, used 339349K [0x0000000708200000, 0x0000000800000000)
  region size 1024K, 141 young (144384K), 1 survivors (1024K)
 Metaspace       used 96537K, capacity 101602K, committed 101840K, reserved 1138688K
  class space    used 9996K, capacity 11769K, committed 11824K, reserved 1048576K
}
Event: 97,277 GC heap after
{Heap after GC invocations=30 (full 0):
 garbage-first heap   total 445440K, used 196074K [0x0000000708200000, 0x0000000800000000)
  region size 1024K, 1 young (1024K), 1 survivors (1024K)
 Metaspace       used 96537K, capacity 101602K, committed 101840K, reserved 1138688K
  class space    used 9996K, capacity 11769K, committed 11824K, reserved 1048576K
}
Event: 117,781 GC heap before
{Heap before GC invocations=30 (full 0):
 garbage-first heap   total 445440K, used 348650K [0x0000000708200000, 0x0000000800000000)
  region size 1024K, 150 young (153600K), 1 survivors (1024K)
 Metaspace       used 96580K, capacity 101666K, committed 101840K, reserved 1138688K
  class space    used 9998K, capacity 11769K, committed 11824K, reserved 1048576K
}
Event: 117,787 GC heap after
{Heap after GC invocations=31 (full 0):
 garbage-first heap   total 445440K, used 196096K [0x0000000708200000, 0x0000000800000000)
  region size 1024K, 1 young (1024K), 1 survivors (1024K)
 Metaspace       used 96580K, capacity 101666K, committed 101840K, reserved 1138688K
  class space    used 9998K, capacity 11769K, committed 11824K, reserved 1048576K
}
Event: 138,113 GC heap before
{Heap before GC invocations=31 (full 0):
 garbage-first heap   total 445440K, used 354816K [0x0000000708200000, 0x0000000800000000)
  region size 1024K, 156 young (159744K), 1 survivors (1024K)
 Metaspace       used 96600K, capacity 101699K, committed 101840K, reserved 1138688K
  class space    used 10001K, capacity 11801K, committed 11824K, reserved 1048576K
}
Event: 138,117 GC heap after
{Heap after GC invocations=32 (full 0):
 garbage-first heap   total 445440K, used 196184K [0x0000000708200000, 0x0000000800000000)
  region size 1024K, 1 young (1024K), 1 survivors (1024K)
 Metaspace       used 96600K, capacity 101699K, committed 101840K, reserved 1138688K
  class space    used 10001K, capacity 11801K, committed 11824K, reserved 1048576K
}
Event: 160,248 GC heap before
{Heap before GC invocations=32 (full 0):
 garbage-first heap   total 445440K, used 360024K [0x0000000708200000, 0x0000000800000000)
  region size 1024K, 161 young (164864K), 1 survivors (1024K)
 Metaspace       used 96622K, capacity 101699K, committed 101840K, reserved 1138688K
  class space    used 10002K, capacity 11801K, committed 11824K, reserved 1048576K
}
Event: 160,251 GC heap after
{Heap after GC invocations=33 (full 0):
 garbage-first heap   total 445440K, used 196178K [0x0000000708200000, 0x0000000800000000)
  region size 1024K, 1 young (1024K), 1 survivors (1024K)
 Metaspace       used 96622K, capacity 101699K, committed 101840K, reserved 1138688K
  class space    used 10002K, capacity 11801K, committed 11824K, reserved 1048576K
}
Event: 182,618 GC heap before
{Heap before GC invocations=33 (full 0):
 garbage-first heap   total 445440K, used 365138K [0x0000000708200000, 0x0000000800000000)
  region size 1024K, 166 young (169984K), 1 survivors (1024K)
 Metaspace       used 96706K, capacity 101767K, committed 102096K, reserved 1140736K
  class space    used 10002K, capacity 11801K, committed 11824K, reserved 1048576K
}
Event: 182,622 GC heap after
{Heap after GC invocations=34 (full 0):
 garbage-first heap   total 445440K, used 196311K [0x0000000708200000, 0x0000000800000000)
  region size 1024K, 1 young (1024K), 1 survivors (1024K)
 Metaspace       used 96706K, capacity 101767K, committed 102096K, reserved 1140736K
  class space    used 10002K, capacity 11801K, committed 11824K, reserved 1048576K
}
Event: 205,523 GC heap before
{Heap before GC invocations=34 (full 0):
 garbage-first heap   total 445440K, used 369367K [0x0000000708200000, 0x0000000800000000)
  region size 1024K, 170 young (174080K), 1 survivors (1024K)
 Metaspace       used 96718K, capacity 101768K, committed 102096K, reserved 1140736K
  class space    used 10002K, capacity 11801K, committed 11824K, reserved 1048576K
}
Event: 205,526 GC heap after
{Heap after GC invocations=35 (full 0):
 garbage-first heap   total 445440K, used 196344K [0x0000000708200000, 0x0000000800000000)
  region size 1024K, 1 young (1024K), 1 survivors (1024K)
 Metaspace       used 96718K, capacity 101768K, committed 102096K, reserved 1140736K
  class space    used 10002K, capacity 11801K, committed 11824K, reserved 1048576K
}
Event: 228,982 GC heap before
{Heap before GC invocations=35 (full 0):
 garbage-first heap   total 445440K, used 372472K [0x0000000708200000, 0x0000000800000000)
  region size 1024K, 173 young (177152K), 1 survivors (1024K)
 Metaspace       used 96744K, capacity 101832K, committed 102096K, reserved 1140736K
  class space    used 10002K, capacity 11801K, committed 11824K, reserved 1048576K
}
Event: 228,986 GC heap after
{Heap after GC invocations=36 (full 0):
 garbage-first heap   total 445440K, used 196395K [0x0000000708200000, 0x0000000800000000)
  region size 1024K, 1 young (1024K), 1 survivors (1024K)
 Metaspace       used 96744K, capacity 101832K, committed 102096K, reserved 1140736K
  class space    used 10002K, capacity 11801K, committed 11824K, reserved 1048576K
}
Event: 253,349 GC heap before
{Heap before GC invocations=36 (full 0):
 garbage-first heap   total 445440K, used 375595K [0x0000000708200000, 0x0000000800000000)
  region size 1024K, 176 young (180224K), 1 survivors (1024K)
 Metaspace       used 96757K, capacity 101832K, committed 102096K, reserved 1140736K
  class space    used 10002K, capacity 11801K, committed 11824K, reserved 1048576K
}
Event: 253,354 GC heap after
{Heap after GC invocations=37 (full 0):
 garbage-first heap   total 445440K, used 196433K [0x0000000708200000, 0x0000000800000000)
  region size 1024K, 1 young (1024K), 1 survivors (1024K)
 Metaspace       used 96757K, capacity 101832K, committed 102096K, reserved 1140736K
  class space    used 10002K, capacity 11801K, committed 11824K, reserved 1048576K
}

