# JRE version: OpenJDK Runtime Environment (11.0.13+8) (build 11.0.13+8)
# Java VM: OpenJDK 64-Bit Server VM (11.0.13+8, mixed mode, tiered, compressed oops, g1 gc, linux-amd64)
Heap:
 garbage-first heap   total 366592K, used 213093K [0x0000000708200000, 0x0000000800000000)
  region size 1024K, 18 young (18432K), 1 survivors (1024K)
 Metaspace       used 98290K, capacity 103321K, committed 103580K, reserved 1140736K
  class space    used 10074K, capacity 11824K, committed 11932K, reserved 1048576K
GC Heap History (20 events):
Event: 327,429 GC heap before
{Heap before GC invocations=62 (full 0):
 garbage-first heap   total 366592K, used 211394K [0x0000000708200000, 0x0000000800000000)
  region size 1024K, 18 young (18432K), 1 survivors (1024K)
 Metaspace       used 97769K, capacity 102808K, committed 103068K, reserved 1140736K
  class space    used 10053K, capacity 11822K, committed 11932K, reserved 1048576K
}
Event: 327,433 GC heap after
{Heap after GC invocations=63 (full 0):
 garbage-first heap   total 366592K, used 195000K [0x0000000708200000, 0x0000000800000000)
  region size 1024K, 1 young (1024K), 1 survivors (1024K)
 Metaspace       used 97769K, capacity 102808K, committed 103068K, reserved 1140736K
  class space    used 10053K, capacity 11822K, committed 11932K, reserved 1048576K
}
Event: 338,905 GC heap before
{Heap before GC invocations=64 (full 0):
 garbage-first heap   total 366592K, used 292280K [0x0000000708200000, 0x0000000800000000)
  region size 1024K, 90 young (92160K), 1 survivors (1024K)
 Metaspace       used 98011K, capacity 103122K, committed 103324K, reserved 1140736K
  class space    used 10053K, capacity 11822K, committed 11932K, reserved 1048576K
}
Event: 338,911 GC heap after
{Heap after GC invocations=65 (full 0):
 garbage-first heap   total 366592K, used 202387K [0x0000000708200000, 0x0000000800000000)
  region size 1024K, 1 young (1024K), 1 survivors (1024K)
 Metaspace       used 98011K, capacity 103122K, committed 103324K, reserved 1140736K
  class space    used 10053K, capacity 11822K, committed 11932K, reserved 1048576K
}
Event: 339,587 GC heap before
{Heap before GC invocations=65 (full 0):
 garbage-first heap   total 366592K, used 206483K [0x0000000708200000, 0x0000000800000000)
  region size 1024K, 6 young (6144K), 1 survivors (1024K)
 Metaspace       used 98027K, capacity 103122K, committed 103324K, reserved 1140736K
  class space    used 10053K, capacity 11822K, committed 11932K, reserved 1048576K
}
Event: 339,592 GC heap after
{Heap after GC invocations=66 (full 0):
 garbage-first heap   total 366592K, used 199287K [0x0000000708200000, 0x0000000800000000)
  region size 1024K, 1 young (1024K), 1 survivors (1024K)
 Metaspace       used 98027K, capacity 103122K, committed 103324K, reserved 1140736K
  class space    used 10053K, capacity 11822K, committed 11932K, reserved 1048576K
}
Event: 351,511 GC heap before
{Heap before GC invocations=67 (full 0):
 garbage-first heap   total 366592K, used 284279K [0x0000000708200000, 0x0000000800000000)
  region size 1024K, 81 young (82944K), 1 survivors (1024K)
 Metaspace       used 98170K, capacity 103317K, committed 103580K, reserved 1140736K
  class space    used 10072K, capacity 11823K, committed 11932K, reserved 1048576K
}
Event: 351,518 GC heap after
{Heap after GC invocations=68 (full 0):
 garbage-first heap   total 366592K, used 202456K [0x0000000708200000, 0x0000000800000000)
  region size 1024K, 1 young (1024K), 1 survivors (1024K)
 Metaspace       used 98170K, capacity 103317K, committed 103580K, reserved 1140736K
  class space    used 10072K, capacity 11823K, committed 11932K, reserved 1048576K
}
Event: 355,601 GC heap before
{Heap before GC invocations=68 (full 0):
 garbage-first heap   total 366592K, used 229080K [0x0000000708200000, 0x0000000800000000)
  region size 1024K, 28 young (28672K), 1 survivors (1024K)
 Metaspace       used 98181K, capacity 103320K, committed 103580K, reserved 1140736K
  class space    used 10072K, capacity 11824K, committed 11932K, reserved 1048576K
}
Event: 355,625 GC heap after
{Heap after GC invocations=69 (full 0):
 garbage-first heap   total 366592K, used 195562K [0x0000000708200000, 0x0000000800000000)
  region size 1024K, 1 young (1024K), 1 survivors (1024K)
 Metaspace       used 98181K, capacity 103320K, committed 103580K, reserved 1140736K
  class space    used 10072K, capacity 11824K, committed 11932K, reserved 1048576K
}
Event: 367,893 GC heap before
{Heap before GC invocations=70 (full 0):
 garbage-first heap   total 366592K, used 279530K [0x0000000708200000, 0x0000000800000000)
  region size 1024K, 82 young (83968K), 1 survivors (1024K)
 Metaspace       used 98214K, capacity 103320K, committed 103580K, reserved 1140736K
  class space    used 10072K, capacity 11824K, committed 11932K, reserved 1048576K
}
Event: 367,898 GC heap after
{Heap after GC invocations=71 (full 0):
 garbage-first heap   total 366592K, used 196609K [0x0000000708200000, 0x0000000800000000)
  region size 1024K, 1 young (1024K), 1 survivors (1024K)
 Metaspace       used 98214K, capacity 103320K, committed 103580K, reserved 1140736K
  class space    used 10072K, capacity 11824K, committed 11932K, reserved 1048576K
}
Event: 373,237 GC heap before
{Heap before GC invocations=71 (full 0):
 garbage-first heap   total 366592K, used 234497K [0x0000000708200000, 0x0000000800000000)
  region size 1024K, 40 young (40960K), 1 survivors (1024K)
 Metaspace       used 98222K, capacity 103320K, committed 103580K, reserved 1140736K
  class space    used 10072K, capacity 11824K, committed 11932K, reserved 1048576K
}
Event: 373,244 GC heap after
{Heap after GC invocations=72 (full 0):
 garbage-first heap   total 366592K, used 196638K [0x0000000708200000, 0x0000000800000000)
  region size 1024K, 1 young (1024K), 1 survivors (1024K)
 Metaspace       used 98222K, capacity 103320K, committed 103580K, reserved 1140736K
  class space    used 10072K, capacity 11824K, committed 11932K, reserved 1048576K
}
Event: 384,816 GC heap before
{Heap before GC invocations=73 (full 0):
 garbage-first heap   total 366592K, used 285726K [0x0000000708200000, 0x0000000800000000)
  region size 1024K, 78 young (79872K), 1 survivors (1024K)
 Metaspace       used 98243K, capacity 103320K, committed 103580K, reserved 1140736K
  class space    used 10072K, capacity 11824K, committed 11932K, reserved 1048576K
}
Event: 384,822 GC heap after
{Heap after GC invocations=74 (full 0):
 garbage-first heap   total 366592K, used 206924K [0x0000000708200000, 0x0000000800000000)
  region size 1024K, 1 young (1024K), 1 survivors (1024K)
 Metaspace       used 98243K, capacity 103320K, committed 103580K, reserved 1140736K
  class space    used 10072K, capacity 11824K, committed 11932K, reserved 1048576K
}
Event: 397,215 GC heap before
{Heap before GC invocations=74 (full 0):
 garbage-first heap   total 366592K, used 286796K [0x0000000708200000, 0x0000000800000000)
  region size 1024K, 79 young (80896K), 1 survivors (1024K)
 Metaspace       used 98246K, capacity 103320K, committed 103580K, reserved 1140736K
  class space    used 10072K, capacity 11824K, committed 11932K, reserved 1048576K
}
Event: 397,224 GC heap after
{Heap after GC invocations=75 (full 0):
 garbage-first heap   total 366592K, used 196708K [0x0000000708200000, 0x0000000800000000)
  region size 1024K, 1 young (1024K), 1 survivors (1024K)
 Metaspace       used 98246K, capacity 103320K, committed 103580K, reserved 1140736K
  class space    used 10072K, capacity 11824K, committed 11932K, reserved 1048576K
}
Event: 410,736 GC heap before
{Heap before GC invocations=75 (full 0):
 garbage-first heap   total 366592K, used 283748K [0x0000000708200000, 0x0000000800000000)
  region size 1024K, 86 young (88064K), 1 survivors (1024K)
 Metaspace       used 98290K, capacity 103321K, committed 103580K, reserved 1140736K
  class space    used 10074K, capacity 11824K, committed 11932K, reserved 1048576K
}
Event: 410,739 GC heap after
{Heap after GC invocations=76 (full 0):
 garbage-first heap   total 366592K, used 196709K [0x0000000708200000, 0x0000000800000000)
  region size 1024K, 1 young (1024K), 1 survivors (1024K)
 Metaspace       used 98290K, capacity 103321K, committed 103580K, reserved 1140736K
  class space    used 10074K, capacity 11824K, committed 11932K, reserved 1048576K
}

