# JRE version: OpenJDK Runtime Environment (11.0.13+8) (build 11.0.13+8)
# Java VM: OpenJDK 64-Bit Server VM (11.0.13+8, mixed mode, tiered, compressed oops, g1 gc, linux-amd64)
Heap:
 garbage-first heap   total 440320K, used 247652K [0x0000000708200000, 0x0000000800000000)
  region size 1024K, 47 young (48128K), 1 survivors (1024K)
 Metaspace       used 96887K, capacity 101825K, committed 102096K, reserved 1140736K
  class space    used 10014K, capacity 11738K, committed 11824K, reserved 1048576K
GC Heap History (20 events):
Event: 20,992 GC heap before
{Heap before GC invocations=15 (full 0):
 garbage-first heap   total 366592K, used 272137K [0x0000000708200000, 0x0000000800000000)
  region size 1024K, 115 young (117760K), 12 survivors (12288K)
 Metaspace       used 92170K, capacity 96843K, committed 97232K, reserved 1134592K
  class space    used 9822K, capacity 11434K, committed 11568K, reserved 1048576K
}
Event: 20,999 GC heap after
{Heap after GC invocations=16 (full 0):
 garbage-first heap   total 366592K, used 165740K [0x0000000708200000, 0x0000000800000000)
  region size 1024K, 4 young (4096K), 4 survivors (4096K)
 Metaspace       used 92170K, capacity 96843K, committed 97232K, reserved 1134592K
  class space    used 9822K, capacity 11434K, committed 11568K, reserved 1048576K
}
Event: 37,892 GC heap before
{Heap before GC invocations=16 (full 0):
 garbage-first heap   total 366592K, used 215916K [0x0000000708200000, 0x0000000800000000)
  region size 1024K, 52 young (53248K), 4 survivors (4096K)
 Metaspace       used 92990K, capacity 97691K, committed 98000K, reserved 1136640K
  class space    used 9849K, capacity 11512K, committed 11568K, reserved 1048576K
}
Event: 37,909 GC heap after
{Heap after GC invocations=17 (full 0):
 garbage-first heap   total 366592K, used 169869K [0x0000000708200000, 0x0000000800000000)
  region size 1024K, 8 young (8192K), 8 survivors (8192K)
 Metaspace       used 92990K, capacity 97691K, committed 98000K, reserved 1136640K
  class space    used 9849K, capacity 11512K, committed 11568K, reserved 1048576K
}
Event: 38,482 GC heap before
{Heap before GC invocations=18 (full 0):
 garbage-first heap   total 366592K, used 280461K [0x0000000708200000, 0x0000000800000000)
  region size 1024K, 119 young (121856K), 8 survivors (8192K)
 Metaspace       used 93407K, capacity 98078K, committed 98512K, reserved 1136640K
  class space    used 9867K, capacity 11525K, committed 11568K, reserved 1048576K
}
Event: 38,509 GC heap after
{Heap after GC invocations=19 (full 0):
 garbage-first heap   total 366592K, used 187336K [0x0000000708200000, 0x0000000800000000)
  region size 1024K, 15 young (15360K), 15 survivors (15360K)
 Metaspace       used 93407K, capacity 98078K, committed 98512K, reserved 1136640K
  class space    used 9867K, capacity 11525K, committed 11568K, reserved 1048576K
}
Event: 38,514 GC heap before
{Heap before GC invocations=19 (full 0):
 garbage-first heap   total 366592K, used 189384K [0x0000000708200000, 0x0000000800000000)
  region size 1024K, 17 young (17408K), 15 survivors (15360K)
 Metaspace       used 93409K, capacity 98078K, committed 98512K, reserved 1136640K
  class space    used 9867K, capacity 11525K, committed 11568K, reserved 1048576K
}
Event: 38,524 GC heap after
{Heap after GC invocations=20 (full 0):
 garbage-first heap   total 366592K, used 187108K [0x0000000708200000, 0x0000000800000000)
  region size 1024K, 2 young (2048K), 2 survivors (2048K)
 Metaspace       used 93409K, capacity 98078K, committed 98512K, reserved 1136640K
  class space    used 9867K, capacity 11525K, committed 11568K, reserved 1048576K
}
Event: 39,165 GC heap before
{Heap before GC invocations=20 (full 0):
 garbage-first heap   total 366592K, used 266980K [0x0000000708200000, 0x0000000800000000)
  region size 1024K, 81 young (82944K), 2 survivors (2048K)
 Metaspace       used 93657K, capacity 98376K, committed 98896K, reserved 1136640K
  class space    used 9881K, capacity 11560K, committed 11696K, reserved 1048576K
}
Event: 39,214 GC heap after
{Heap after GC invocations=21 (full 0):
 garbage-first heap   total 366592K, used 186318K [0x0000000708200000, 0x0000000800000000)
  region size 1024K, 2 young (2048K), 2 survivors (2048K)
 Metaspace       used 93657K, capacity 98376K, committed 98896K, reserved 1136640K
  class space    used 9881K, capacity 11560K, committed 11696K, reserved 1048576K
}
Event: 48,937 GC heap before
{Heap before GC invocations=22 (full 0):
 garbage-first heap   total 366592K, used 293838K [0x0000000708200000, 0x0000000800000000)
  region size 1024K, 105 young (107520K), 2 survivors (2048K)
 Metaspace       used 96078K, capacity 100808K, committed 101072K, reserved 1138688K
  class space    used 10003K, capacity 11734K, committed 11824K, reserved 1048576K
}
Event: 48,948 GC heap after
{Heap after GC invocations=23 (full 0):
 garbage-first heap   total 440320K, used 206010K [0x0000000708200000, 0x0000000800000000)
  region size 1024K, 14 young (14336K), 14 survivors (14336K)
 Metaspace       used 96078K, capacity 100808K, committed 101072K, reserved 1138688K
  class space    used 10003K, capacity 11734K, committed 11824K, reserved 1048576K
}
Event: 49,917 GC heap before
{Heap before GC invocations=23 (full 0):
 garbage-first heap   total 440320K, used 213178K [0x0000000708200000, 0x0000000800000000)
  region size 1024K, 21 young (21504K), 14 survivors (14336K)
 Metaspace       used 96250K, capacity 101099K, committed 101328K, reserved 1138688K
  class space    used 10003K, capacity 11734K, committed 11824K, reserved 1048576K
}
Event: 49,924 GC heap after
{Heap after GC invocations=24 (full 0):
 garbage-first heap   total 440320K, used 207229K [0x0000000708200000, 0x0000000800000000)
  region size 1024K, 1 young (1024K), 1 survivors (1024K)
 Metaspace       used 96250K, capacity 101099K, committed 101328K, reserved 1138688K
  class space    used 10003K, capacity 11734K, committed 11824K, reserved 1048576K
}
Event: 70,422 GC heap before
{Heap before GC invocations=24 (full 0):
 garbage-first heap   total 440320K, used 340349K [0x0000000708200000, 0x0000000800000000)
  region size 1024K, 131 young (134144K), 1 survivors (1024K)
 Metaspace       used 96787K, capacity 101755K, committed 102096K, reserved 1140736K
  class space    used 10009K, capacity 11736K, committed 11824K, reserved 1048576K
}
Event: 70,431 GC heap after
{Heap after GC invocations=25 (full 0):
 garbage-first heap   total 440320K, used 206706K [0x0000000708200000, 0x0000000800000000)
  region size 1024K, 1 young (1024K), 1 survivors (1024K)
 Metaspace       used 96787K, capacity 101755K, committed 102096K, reserved 1140736K
  class space    used 10009K, capacity 11736K, committed 11824K, reserved 1048576K
}
Event: 92,286 GC heap before
{Heap before GC invocations=26 (full 0):
 garbage-first heap   total 440320K, used 346994K [0x0000000708200000, 0x0000000800000000)
  region size 1024K, 139 young (142336K), 1 survivors (1024K)
 Metaspace       used 96868K, capacity 101819K, committed 102096K, reserved 1140736K
  class space    used 10012K, capacity 11736K, committed 11824K, reserved 1048576K
}
Event: 92,293 GC heap after
{Heap after GC invocations=27 (full 0):
 garbage-first heap   total 440320K, used 205730K [0x0000000708200000, 0x0000000800000000)
  region size 1024K, 1 young (1024K), 1 survivors (1024K)
 Metaspace       used 96868K, capacity 101819K, committed 102096K, reserved 1140736K
  class space    used 10012K, capacity 11736K, committed 11824K, reserved 1048576K
}
Event: 95,483 GC heap before
{Heap before GC invocations=27 (full 0):
 garbage-first heap   total 440320K, used 226210K [0x0000000708200000, 0x0000000800000000)
  region size 1024K, 21 young (21504K), 1 survivors (1024K)
 Metaspace       used 96874K, capacity 101825K, committed 102096K, reserved 1140736K
  class space    used 10013K, capacity 11738K, committed 11824K, reserved 1048576K
}
Event: 95,488 GC heap after
{Heap after GC invocations=28 (full 0):
 garbage-first heap   total 440320K, used 201572K [0x0000000708200000, 0x0000000800000000)
  region size 1024K, 1 young (1024K), 1 survivors (1024K)
 Metaspace       used 96874K, capacity 101825K, committed 102096K, reserved 1140736K
  class space    used 10013K, capacity 11738K, committed 11824K, reserved 1048576K
}

